[ 2016-08-19T16:36:40+08:00 ] 127.0.0.1 /finance/finance/getAccPayPass.html
INFO: [ app_begin ] --START--
INFO: Run Behavior\ReadHtmlCacheBehavior [ RunTime:0.001000s ]
INFO: Run Behavior\CheckLangBehavior [ RunTime:0.001000s ]
INFO: [ app_begin ] --END-- [ RunTime:0.002000s ]
SQL: SHOW COLUMNS FROM `fx_sms_code` [ RunTime:0.0020s ]
SQL: SELECT COUNT(*) AS tp_count FROM `fx_sms_code` WHERE `user_id` = 1 AND `type` = 1 AND `addtime` > 1471595740 AND `status` > 0 LIMIT 1   [ RunTime:0.0000s ]

[ 2016-08-19T16:36:42+08:00 ] 127.0.0.1 /finance/finance/getAccPayPass.html
INFO: [ app_begin ] --START--
INFO: Run Behavior\ReadHtmlCacheBehavior [ RunTime:0.001000s ]
INFO: Run Behavior\CheckLangBehavior [ RunTime:0.001000s ]
INFO: [ app_begin ] --END-- [ RunTime:0.003000s ]
SQL: SHOW COLUMNS FROM `fx_sms_code` [ RunTime:0.0020s ]
SQL: SELECT COUNT(*) AS tp_count FROM `fx_sms_code` WHERE `user_id` = 1 AND `type` = 1 AND `addtime` > 1471595742 AND `status` > 0 LIMIT 1   [ RunTime:0.0000s ]

[ 2016-08-19T16:36:48+08:00 ] 127.0.0.1 /finance/finance/getAccPayPass.html
INFO: [ app_begin ] --START--
INFO: Run Behavior\ReadHtmlCacheBehavior [ RunTime:0.001000s ]
INFO: Run Behavior\CheckLangBehavior [ RunTime:0.001000s ]
INFO: [ app_begin ] --END-- [ RunTime:0.003000s ]
SQL: SHOW COLUMNS FROM `fx_sms_code` [ RunTime:0.0020s ]
SQL: SELECT COUNT(*) AS tp_count FROM `fx_sms_code` WHERE `user_id` = 1 AND `type` = 1 AND `addtime` > 1471595747 AND `status` > 0 LIMIT 1   [ RunTime:0.0000s ]

