[ 2016-09-02T11:21:06+08:00 ] 127.0.0.1 /Storage/Storage/assginship.html
INFO: [ app_begin ] --START--
INFO: Run Behavior\ReadHtmlCacheBehavior [ RunTime:0.001384s ]
INFO: Run Behavior\CheckLangBehavior [ RunTime:0.002516s ]
INFO: [ app_begin ] --END-- [ RunTime:0.004735s ]
SQL: SHOW COLUMNS FROM `system_shipping` [ RunTime:0.0469s ]
SQL: SELECT * FROM `system_shipping` ORDER BY sort asc  [ RunTime:0.0483s ]
SQL: SHOW COLUMNS FROM `hub_order` [ RunTime:0.0481s ]
SQL: SELECT `ship_stats` FROM `hub_order` WHERE ( order_id =85 ) LIMIT 1   [ RunTime:0.0474s ]
INFO: [ view_parse ] --START--
INFO: [ template_filter ] --START--
INFO: Run Behavior\ContentReplaceBehavior [ RunTime:0.000166s ]
INFO: [ template_filter ] --END-- [ RunTime:0.000361s ]
NOTIC: [8] Undefined variable: hub_id D:\wamp\www\www.cxf.com\DEV\source\admin\fx_supplier\Application\Runtime\Cache\Storage\c062f25da840eeda0638c2e9dc32fd70.php 第 30 行.
INFO: Run Behavior\ParseTemplateBehavior [ RunTime:0.055327s ]
INFO: [ view_parse ] --END-- [ RunTime:0.055428s ]
INFO: [ view_filter ] --START--
INFO: Run Behavior\WriteHtmlCacheBehavior [ RunTime:0.001803s ]
INFO: Run Behavior\TokenBuildBehavior [ RunTime:0.001664s ]
INFO: [ view_filter ] --END-- [ RunTime:0.003627s ]

[ 2016-09-02T11:21:10+08:00 ] 127.0.0.1 /Storage/TbApi/checkAcess.html
INFO: [ app_begin ] --START--
INFO: Run Behavior\ReadHtmlCacheBehavior [ RunTime:0.001335s ]
INFO: Run Behavior\CheckLangBehavior [ RunTime:0.002269s ]
INFO: [ app_begin ] --END-- [ RunTime:0.004294s ]
SQL: SHOW COLUMNS FROM `taobao_authorize` [ RunTime:0.0484s ]
SQL: SELECT `expire_time` FROM `taobao_authorize` WHERE `user_id` = '1' LIMIT 1   [ RunTime:0.0455s ]

[ 2016-09-02T11:21:10+08:00 ] 127.0.0.1 /Storage/Storage/getShipCode.html
INFO: [ app_begin ] --START--
INFO: Run Behavior\ReadHtmlCacheBehavior [ RunTime:0.001056s ]
INFO: Run Behavior\CheckLangBehavior [ RunTime:0.002118s ]
INFO: [ app_begin ] --END-- [ RunTime:0.003903s ]
SQL: SHOW COLUMNS FROM `system_shipping` [ RunTime:0.0486s ]
SQL: SELECT `shipping_code` FROM `system_shipping` WHERE (  id =3 ) LIMIT 1   [ RunTime:0.0491s ]
NOTIC: [2] Missing argument 1 for Storage\Controller\StorageController::getSendAddress(), called in D:\wamp\www\www.cxf.com\DEV\source\admin\fx_supplier\Application\Storage\Controller\StorageController.class.php on line 942 and defined D:\wamp\www\www.cxf.com\DEV\source\admin\fx_supplier\Application\Storage\Controller\StorageController.class.php 第 846 行.
NOTIC: [8] Undefined variable: mOrderId D:\wamp\www\www.cxf.com\DEV\source\admin\fx_supplier\Application\Storage\Controller\StorageController.class.php 第 847 行.

[ 2016-09-02T11:22:07+08:00 ] 127.0.0.1 /Storage/Storage/assginship.html
INFO: [ app_begin ] --START--
INFO: Run Behavior\ReadHtmlCacheBehavior [ RunTime:0.001143s ]
INFO: Run Behavior\CheckLangBehavior [ RunTime:0.001968s ]
INFO: [ app_begin ] --END-- [ RunTime:0.003942s ]
SQL: SHOW COLUMNS FROM `system_shipping` [ RunTime:0.0457s ]
SQL: SELECT * FROM `system_shipping` ORDER BY sort asc  [ RunTime:0.0428s ]
SQL: SHOW COLUMNS FROM `hub_order` [ RunTime:0.0433s ]
SQL: SELECT `ship_stats` FROM `hub_order` WHERE ( order_id =85 ) LIMIT 1   [ RunTime:0.0433s ]
INFO: [ view_parse ] --START--
INFO: [ template_filter ] --START--
INFO: Run Behavior\ContentReplaceBehavior [ RunTime:0.000071s ]
INFO: [ template_filter ] --END-- [ RunTime:0.000156s ]
NOTIC: [8] Undefined variable: hub_id D:\wamp\www\www.cxf.com\DEV\source\admin\fx_supplier\Application\Runtime\Cache\Storage\c062f25da840eeda0638c2e9dc32fd70.php 第 30 行.
INFO: Run Behavior\ParseTemplateBehavior [ RunTime:0.009960s ]
INFO: [ view_parse ] --END-- [ RunTime:0.010110s ]
INFO: [ view_filter ] --START--
INFO: Run Behavior\WriteHtmlCacheBehavior [ RunTime:0.001074s ]
INFO: Run Behavior\TokenBuildBehavior [ RunTime:0.001241s ]
INFO: [ view_filter ] --END-- [ RunTime:0.002550s ]

[ 2016-09-02T11:22:13+08:00 ] 127.0.0.1 /Storage/TbApi/checkAcess.html
INFO: [ app_begin ] --START--
INFO: Run Behavior\ReadHtmlCacheBehavior [ RunTime:0.001065s ]
INFO: Run Behavior\CheckLangBehavior [ RunTime:0.002198s ]
INFO: [ app_begin ] --END-- [ RunTime:0.004090s ]
SQL: SHOW COLUMNS FROM `taobao_authorize` [ RunTime:0.0470s ]
SQL: SELECT `expire_time` FROM `taobao_authorize` WHERE `user_id` = '1' LIMIT 1   [ RunTime:0.0434s ]

[ 2016-09-02T11:22:14+08:00 ] 127.0.0.1 /Storage/Storage/getShipCode.html
INFO: [ app_begin ] --START--
INFO: Run Behavior\ReadHtmlCacheBehavior [ RunTime:0.001321s ]
INFO: Run Behavior\CheckLangBehavior [ RunTime:0.002466s ]
INFO: [ app_begin ] --END-- [ RunTime:0.004510s ]
SQL: SHOW COLUMNS FROM `system_shipping` [ RunTime:0.0504s ]
SQL: SELECT `shipping_code` FROM `system_shipping` WHERE (  id =3 ) LIMIT 1   [ RunTime:0.0479s ]
NOTIC: [2] Missing argument 1 for Storage\Controller\StorageController::getSendAddress(), called in D:\wamp\www\www.cxf.com\DEV\source\admin\fx_supplier\Application\Storage\Controller\StorageController.class.php on line 942 and defined D:\wamp\www\www.cxf.com\DEV\source\admin\fx_supplier\Application\Storage\Controller\StorageController.class.php 第 846 行.
NOTIC: [8] Undefined variable: mOrderId D:\wamp\www\www.cxf.com\DEV\source\admin\fx_supplier\Application\Storage\Controller\StorageController.class.php 第 847 行.

[ 2016-09-02T13:38:44+08:00 ] 127.0.0.1 /Storage/Storage/assginship.html
INFO: [ app_begin ] --START--
INFO: Run Behavior\ReadHtmlCacheBehavior [ RunTime:0.000647s ]
INFO: Run Behavior\CheckLangBehavior [ RunTime:0.001267s ]
INFO: [ app_begin ] --END-- [ RunTime:0.002588s ]
SQL: SHOW COLUMNS FROM `system_shipping` [ RunTime:0.0522s ]
SQL: SELECT * FROM `system_shipping` ORDER BY sort asc  [ RunTime:0.0472s ]
SQL: SHOW COLUMNS FROM `hub_order` [ RunTime:0.0480s ]
SQL: SELECT `ship_stats` FROM `hub_order` WHERE ( order_id =85 ) LIMIT 1   [ RunTime:0.0454s ]
INFO: [ view_parse ] --START--
INFO: [ template_filter ] --START--
INFO: Run Behavior\ContentReplaceBehavior [ RunTime:0.000080s ]
INFO: [ template_filter ] --END-- [ RunTime:0.000196s ]
NOTIC: [8] Undefined variable: hub_id D:\wamp\www\www.cxf.com\DEV\source\admin\fx_supplier\Application\Runtime\Cache\Storage\c062f25da840eeda0638c2e9dc32fd70.php 第 30 行.
INFO: Run Behavior\ParseTemplateBehavior [ RunTime:0.011752s ]
INFO: [ view_parse ] --END-- [ RunTime:0.011933s ]
INFO: [ view_filter ] --START--
INFO: Run Behavior\WriteHtmlCacheBehavior [ RunTime:0.001119s ]
INFO: Run Behavior\TokenBuildBehavior [ RunTime:0.001275s ]
INFO: [ view_filter ] --END-- [ RunTime:0.002536s ]

[ 2016-09-02T13:39:25+08:00 ] 127.0.0.1 /Storage/TbApi/checkAcess.html
INFO: [ app_begin ] --START--
INFO: Run Behavior\ReadHtmlCacheBehavior [ RunTime:0.000888s ]
INFO: Run Behavior\CheckLangBehavior [ RunTime:0.001607s ]
INFO: [ app_begin ] --END-- [ RunTime:0.003177s ]
SQL: SHOW COLUMNS FROM `taobao_authorize` [ RunTime:0.0507s ]
SQL: SELECT `expire_time` FROM `taobao_authorize` WHERE `user_id` = '1' LIMIT 1   [ RunTime:0.0501s ]

[ 2016-09-02T13:39:25+08:00 ] 127.0.0.1 /Storage/Storage/getShipCode.html
INFO: [ app_begin ] --START--
INFO: Run Behavior\ReadHtmlCacheBehavior [ RunTime:0.000860s ]
INFO: Run Behavior\CheckLangBehavior [ RunTime:0.002064s ]
INFO: [ app_begin ] --END-- [ RunTime:0.003644s ]
SQL: SHOW COLUMNS FROM `system_shipping` [ RunTime:0.0450s ]
SQL: SELECT `shipping_code` FROM `system_shipping` WHERE (  id =3 ) LIMIT 1   [ RunTime:0.0435s ]
NOTIC: [2] Missing argument 1 for Storage\Controller\StorageController::getSendAddress(), called in D:\wamp\www\www.cxf.com\DEV\source\admin\fx_supplier\Application\Storage\Controller\StorageController.class.php on line 942 and defined D:\wamp\www\www.cxf.com\DEV\source\admin\fx_supplier\Application\Storage\Controller\StorageController.class.php 第 846 行.
NOTIC: [8] Undefined variable: mOrderId D:\wamp\www\www.cxf.com\DEV\source\admin\fx_supplier\Application\Storage\Controller\StorageController.class.php 第 847 行.

[ 2016-09-02T13:39:43+08:00 ] 127.0.0.1 /Storage/Storage/assginship.html
INFO: [ app_begin ] --START--
INFO: Run Behavior\ReadHtmlCacheBehavior [ RunTime:0.000837s ]
INFO: Run Behavior\CheckLangBehavior [ RunTime:0.001384s ]
INFO: [ app_begin ] --END-- [ RunTime:0.002883s ]
SQL: SHOW COLUMNS FROM `system_shipping` [ RunTime:0.0482s ]
SQL: SELECT * FROM `system_shipping` ORDER BY sort asc  [ RunTime:0.0483s ]
SQL: SHOW COLUMNS FROM `hub_order` [ RunTime:0.0486s ]
SQL: SELECT `ship_stats` FROM `hub_order` WHERE ( order_id =85 ) LIMIT 1   [ RunTime:0.0499s ]
INFO: [ view_parse ] --START--
INFO: [ template_filter ] --START--
INFO: Run Behavior\ContentReplaceBehavior [ RunTime:0.000085s ]
INFO: [ template_filter ] --END-- [ RunTime:0.000201s ]
NOTIC: [8] Undefined variable: hub_id D:\wamp\www\www.cxf.com\DEV\source\admin\fx_supplier\Application\Runtime\Cache\Storage\c062f25da840eeda0638c2e9dc32fd70.php 第 30 行.
INFO: Run Behavior\ParseTemplateBehavior [ RunTime:0.009795s ]
INFO: [ view_parse ] --END-- [ RunTime:0.009947s ]
INFO: [ view_filter ] --START--
INFO: Run Behavior\WriteHtmlCacheBehavior [ RunTime:0.000944s ]
INFO: Run Behavior\TokenBuildBehavior [ RunTime:0.001028s ]
INFO: [ view_filter ] --END-- [ RunTime:0.002105s ]

[ 2016-09-02T13:39:46+08:00 ] 127.0.0.1 /Storage/TbApi/checkAcess.html
INFO: [ app_begin ] --START--
INFO: Run Behavior\ReadHtmlCacheBehavior [ RunTime:0.000772s ]
INFO: Run Behavior\CheckLangBehavior [ RunTime:0.001570s ]
INFO: [ app_begin ] --END-- [ RunTime:0.003134s ]
SQL: SHOW COLUMNS FROM `taobao_authorize` [ RunTime:0.0493s ]
SQL: SELECT `expire_time` FROM `taobao_authorize` WHERE `user_id` = '1' LIMIT 1   [ RunTime:0.0464s ]

[ 2016-09-02T13:39:46+08:00 ] 127.0.0.1 /Storage/Storage/getShipCode.html
INFO: [ app_begin ] --START--
INFO: Run Behavior\ReadHtmlCacheBehavior [ RunTime:0.000853s ]
INFO: Run Behavior\CheckLangBehavior [ RunTime:0.001835s ]
INFO: [ app_begin ] --END-- [ RunTime:0.003444s ]
SQL: SHOW COLUMNS FROM `system_shipping` [ RunTime:0.0486s ]
SQL: SELECT `shipping_code` FROM `system_shipping` WHERE (  id =3 ) LIMIT 1   [ RunTime:0.0468s ]
NOTIC: [2] Missing argument 1 for Storage\Controller\StorageController::getSendAddress(), called in D:\wamp\www\www.cxf.com\DEV\source\admin\fx_supplier\Application\Storage\Controller\StorageController.class.php on line 942 and defined D:\wamp\www\www.cxf.com\DEV\source\admin\fx_supplier\Application\Storage\Controller\StorageController.class.php 第 846 行.
NOTIC: [8] Undefined variable: mOrderId D:\wamp\www\www.cxf.com\DEV\source\admin\fx_supplier\Application\Storage\Controller\StorageController.class.php 第 847 行.

[ 2016-09-02T13:39:54+08:00 ] 127.0.0.1 /Storage/Storage/assginship.html
INFO: [ app_begin ] --START--
INFO: Run Behavior\ReadHtmlCacheBehavior [ RunTime:0.000788s ]
INFO: Run Behavior\CheckLangBehavior [ RunTime:0.001562s ]
INFO: [ app_begin ] --END-- [ RunTime:0.003048s ]
SQL: SHOW COLUMNS FROM `system_shipping` [ RunTime:0.0494s ]
SQL: SELECT * FROM `system_shipping` ORDER BY sort asc  [ RunTime:0.0465s ]
SQL: SHOW COLUMNS FROM `hub_order` [ RunTime:0.0540s ]
SQL: SELECT `ship_stats` FROM `hub_order` WHERE ( order_id =85 ) LIMIT 1   [ RunTime:0.0476s ]
INFO: [ view_parse ] --START--
INFO: [ template_filter ] --START--
INFO: Run Behavior\ContentReplaceBehavior [ RunTime:0.000073s ]
INFO: [ template_filter ] --END-- [ RunTime:0.000160s ]
NOTIC: [8] Undefined variable: hub_id D:\wamp\www\www.cxf.com\DEV\source\admin\fx_supplier\Application\Runtime\Cache\Storage\c062f25da840eeda0638c2e9dc32fd70.php 第 30 行.
INFO: Run Behavior\ParseTemplateBehavior [ RunTime:0.009185s ]
INFO: [ view_parse ] --END-- [ RunTime:0.009390s ]
INFO: [ view_filter ] --START--
INFO: Run Behavior\WriteHtmlCacheBehavior [ RunTime:0.000908s ]
INFO: Run Behavior\TokenBuildBehavior [ RunTime:0.001040s ]
INFO: [ view_filter ] --END-- [ RunTime:0.002153s ]

[ 2016-09-02T13:39:57+08:00 ] 127.0.0.1 /Storage/TbApi/checkAcess.html
INFO: [ app_begin ] --START--
INFO: Run Behavior\ReadHtmlCacheBehavior [ RunTime:0.000855s ]
INFO: Run Behavior\CheckLangBehavior [ RunTime:0.001915s ]
INFO: [ app_begin ] --END-- [ RunTime:0.003516s ]
SQL: SHOW COLUMNS FROM `taobao_authorize` [ RunTime:0.0475s ]
SQL: SELECT `expire_time` FROM `taobao_authorize` WHERE `user_id` = '1' LIMIT 1   [ RunTime:0.0505s ]

[ 2016-09-02T13:39:57+08:00 ] 127.0.0.1 /Storage/Storage/getShipCode.html
INFO: [ app_begin ] --START--
INFO: Run Behavior\ReadHtmlCacheBehavior [ RunTime:0.000925s ]
INFO: Run Behavior\CheckLangBehavior [ RunTime:0.001865s ]
INFO: [ app_begin ] --END-- [ RunTime:0.003643s ]
SQL: SHOW COLUMNS FROM `system_shipping` [ RunTime:0.0429s ]
SQL: SELECT `shipping_code` FROM `system_shipping` WHERE (  id =3 ) LIMIT 1   [ RunTime:0.0432s ]
NOTIC: [2] Missing argument 1 for Storage\Controller\StorageController::getSendAddress(), called in D:\wamp\www\www.cxf.com\DEV\source\admin\fx_supplier\Application\Storage\Controller\StorageController.class.php on line 942 and defined D:\wamp\www\www.cxf.com\DEV\source\admin\fx_supplier\Application\Storage\Controller\StorageController.class.php 第 846 行.
NOTIC: [8] Undefined variable: mOrderId D:\wamp\www\www.cxf.com\DEV\source\admin\fx_supplier\Application\Storage\Controller\StorageController.class.php 第 847 行.

[ 2016-09-02T13:40:20+08:00 ] 127.0.0.1 /Storage/Storage/assginship.html
INFO: [ app_begin ] --START--
INFO: Run Behavior\ReadHtmlCacheBehavior [ RunTime:0.000918s ]
INFO: Run Behavior\CheckLangBehavior [ RunTime:0.001595s ]
INFO: [ app_begin ] --END-- [ RunTime:0.003250s ]
SQL: SHOW COLUMNS FROM `system_shipping` [ RunTime:0.0431s ]
SQL: SELECT * FROM `system_shipping` ORDER BY sort asc  [ RunTime:0.0436s ]
SQL: SHOW COLUMNS FROM `hub_order` [ RunTime:0.0435s ]
SQL: SELECT `ship_stats` FROM `hub_order` WHERE ( order_id =85 ) LIMIT 1   [ RunTime:0.0411s ]
INFO: [ view_parse ] --START--
INFO: [ template_filter ] --START--
INFO: Run Behavior\ContentReplaceBehavior [ RunTime:0.000130s ]
INFO: [ template_filter ] --END-- [ RunTime:0.000254s ]
NOTIC: [8] Undefined variable: hub_id D:\wamp\www\www.cxf.com\DEV\source\admin\fx_supplier\Application\Runtime\Cache\Storage\c062f25da840eeda0638c2e9dc32fd70.php 第 30 行.
INFO: Run Behavior\ParseTemplateBehavior [ RunTime:0.011348s ]
INFO: [ view_parse ] --END-- [ RunTime:0.011468s ]
INFO: [ view_filter ] --START--
INFO: Run Behavior\WriteHtmlCacheBehavior [ RunTime:0.000825s ]
INFO: Run Behavior\TokenBuildBehavior [ RunTime:0.000975s ]
INFO: [ view_filter ] --END-- [ RunTime:0.001928s ]

[ 2016-09-02T13:40:24+08:00 ] 127.0.0.1 /Storage/TbApi/checkAcess.html
INFO: [ app_begin ] --START--
INFO: Run Behavior\ReadHtmlCacheBehavior [ RunTime:0.000859s ]
INFO: Run Behavior\CheckLangBehavior [ RunTime:0.001715s ]
INFO: [ app_begin ] --END-- [ RunTime:0.003404s ]
SQL: SHOW COLUMNS FROM `taobao_authorize` [ RunTime:0.0511s ]
SQL: SELECT `expire_time` FROM `taobao_authorize` WHERE `user_id` = '1' LIMIT 1   [ RunTime:0.0480s ]

[ 2016-09-02T13:40:24+08:00 ] 127.0.0.1 /Storage/Storage/getShipCode.html
INFO: [ app_begin ] --START--
INFO: Run Behavior\ReadHtmlCacheBehavior [ RunTime:0.000877s ]
INFO: Run Behavior\CheckLangBehavior [ RunTime:0.001870s ]
INFO: [ app_begin ] --END-- [ RunTime:0.003836s ]
SQL: SHOW COLUMNS FROM `system_shipping` [ RunTime:0.0415s ]
SQL: SELECT `shipping_code` FROM `system_shipping` WHERE (  id =3 ) LIMIT 1   [ RunTime:0.0464s ]
NOTIC: [2] Missing argument 1 for Storage\Controller\StorageController::getSendAddress(), called in D:\wamp\www\www.cxf.com\DEV\source\admin\fx_supplier\Application\Storage\Controller\StorageController.class.php on line 942 and defined D:\wamp\www\www.cxf.com\DEV\source\admin\fx_supplier\Application\Storage\Controller\StorageController.class.php 第 846 行.
NOTIC: [8] Undefined variable: mOrderId D:\wamp\www\www.cxf.com\DEV\source\admin\fx_supplier\Application\Storage\Controller\StorageController.class.php 第 847 行.

[ 2016-09-02T13:43:21+08:00 ] 127.0.0.1 /Storage/Storage/getShipCode.html
INFO: [ app_begin ] --START--
INFO: Run Behavior\ReadHtmlCacheBehavior [ RunTime:0.001062s ]
INFO: Run Behavior\CheckLangBehavior [ RunTime:0.001627s ]
INFO: [ app_begin ] --END-- [ RunTime:0.003364s ]
SQL: SHOW COLUMNS FROM `system_shipping` [ RunTime:0.0442s ]
SQL: SELECT `shipping_code` FROM `system_shipping` WHERE (  id =3 ) LIMIT 1   [ RunTime:0.0416s ]
NOTIC: [2] Missing argument 1 for Storage\Controller\StorageController::getSendAddress(), called in D:\wamp\www\www.cxf.com\DEV\source\admin\fx_supplier\Application\Storage\Controller\StorageController.class.php on line 942 and defined D:\wamp\www\www.cxf.com\DEV\source\admin\fx_supplier\Application\Storage\Controller\StorageController.class.php 第 846 行.
NOTIC: [8] Undefined variable: mOrderId D:\wamp\www\www.cxf.com\DEV\source\admin\fx_supplier\Application\Storage\Controller\StorageController.class.php 第 847 行.

[ 2016-09-02T13:43:22+08:00 ] 127.0.0.1 /Storage/TbApi/checkAcess.html
INFO: [ app_begin ] --START--
INFO: Run Behavior\ReadHtmlCacheBehavior [ RunTime:0.001070s ]
INFO: Run Behavior\CheckLangBehavior [ RunTime:0.001641s ]
INFO: [ app_begin ] --END-- [ RunTime:0.003466s ]
SQL: SHOW COLUMNS FROM `taobao_authorize` [ RunTime:0.0501s ]
SQL: SELECT `expire_time` FROM `taobao_authorize` WHERE `user_id` = '1' LIMIT 1   [ RunTime:0.0481s ]

[ 2016-09-02T13:44:20+08:00 ] 127.0.0.1 /Storage/TbApi/checkAcess.html
INFO: [ app_begin ] --START--
INFO: Run Behavior\ReadHtmlCacheBehavior [ RunTime:0.000886s ]
INFO: Run Behavior\CheckLangBehavior [ RunTime:0.001589s ]
INFO: [ app_begin ] --END-- [ RunTime:0.003302s ]
SQL: SHOW COLUMNS FROM `taobao_authorize` [ RunTime:0.0526s ]
SQL: SELECT `expire_time` FROM `taobao_authorize` WHERE `user_id` = '1' LIMIT 1   [ RunTime:0.0473s ]

[ 2016-09-02T13:44:21+08:00 ] 127.0.0.1 /Storage/Storage/getShipCode.html
INFO: [ app_begin ] --START--
INFO: Run Behavior\ReadHtmlCacheBehavior [ RunTime:0.000873s ]
INFO: Run Behavior\CheckLangBehavior [ RunTime:0.001593s ]
INFO: [ app_begin ] --END-- [ RunTime:0.003202s ]
SQL: SHOW COLUMNS FROM `system_shipping` [ RunTime:0.0561s ]
SQL: SELECT `shipping_code` FROM `system_shipping` WHERE (  id =3 ) LIMIT 1   [ RunTime:0.0592s ]
NOTIC: [2] Missing argument 1 for Storage\Controller\StorageController::getSendAddress(), called in D:\wamp\www\www.cxf.com\DEV\source\admin\fx_supplier\Application\Storage\Controller\StorageController.class.php on line 942 and defined D:\wamp\www\www.cxf.com\DEV\source\admin\fx_supplier\Application\Storage\Controller\StorageController.class.php 第 846 行.
NOTIC: [8] Undefined variable: mOrderId D:\wamp\www\www.cxf.com\DEV\source\admin\fx_supplier\Application\Storage\Controller\StorageController.class.php 第 847 行.

[ 2016-09-02T13:44:54+08:00 ] 127.0.0.1 /Storage/TbApi/checkAcess.html
INFO: [ app_begin ] --START--
INFO: Run Behavior\ReadHtmlCacheBehavior [ RunTime:0.000832s ]
INFO: Run Behavior\CheckLangBehavior [ RunTime:0.002262s ]
INFO: [ app_begin ] --END-- [ RunTime:0.004119s ]
SQL: SHOW COLUMNS FROM `taobao_authorize` [ RunTime:0.0484s ]
SQL: SELECT `expire_time` FROM `taobao_authorize` WHERE `user_id` = '1' LIMIT 1   [ RunTime:0.0496s ]

[ 2016-09-02T13:44:54+08:00 ] 127.0.0.1 /Storage/Storage/getShipCode.html
INFO: [ app_begin ] --START--
INFO: Run Behavior\ReadHtmlCacheBehavior [ RunTime:0.000831s ]
INFO: Run Behavior\CheckLangBehavior [ RunTime:0.002227s ]
INFO: [ app_begin ] --END-- [ RunTime:0.003978s ]
SQL: SHOW COLUMNS FROM `system_shipping` [ RunTime:0.0436s ]
SQL: SELECT `shipping_code` FROM `system_shipping` WHERE (  id =3 ) LIMIT 1   [ RunTime:0.0427s ]
NOTIC: [2] Missing argument 1 for Storage\Controller\StorageController::getSendAddress(), called in D:\wamp\www\www.cxf.com\DEV\source\admin\fx_supplier\Application\Storage\Controller\StorageController.class.php on line 942 and defined D:\wamp\www\www.cxf.com\DEV\source\admin\fx_supplier\Application\Storage\Controller\StorageController.class.php 第 846 行.
NOTIC: [8] Undefined variable: mOrderId D:\wamp\www\www.cxf.com\DEV\source\admin\fx_supplier\Application\Storage\Controller\StorageController.class.php 第 847 行.

[ 2016-09-02T13:45:15+08:00 ] 127.0.0.1 /Storage/Storage/getShipCode.html
INFO: [ app_begin ] --START--
INFO: Run Behavior\ReadHtmlCacheBehavior [ RunTime:0.001497s ]
INFO: Run Behavior\CheckLangBehavior [ RunTime:0.001751s ]
INFO: [ app_begin ] --END-- [ RunTime:0.003841s ]
SQL: SHOW COLUMNS FROM `system_shipping` [ RunTime:0.0462s ]
SQL: SELECT `shipping_code` FROM `system_shipping` WHERE (  id =3 ) LIMIT 1   [ RunTime:0.0413s ]
NOTIC: [2] Missing argument 1 for Storage\Controller\StorageController::getSendAddress(), called in D:\wamp\www\www.cxf.com\DEV\source\admin\fx_supplier\Application\Storage\Controller\StorageController.class.php on line 942 and defined D:\wamp\www\www.cxf.com\DEV\source\admin\fx_supplier\Application\Storage\Controller\StorageController.class.php 第 846 行.
NOTIC: [8] Undefined variable: mOrderId D:\wamp\www\www.cxf.com\DEV\source\admin\fx_supplier\Application\Storage\Controller\StorageController.class.php 第 847 行.

[ 2016-09-02T13:45:15+08:00 ] 127.0.0.1 /Storage/TbApi/checkAcess.html
INFO: [ app_begin ] --START--
INFO: Run Behavior\ReadHtmlCacheBehavior [ RunTime:0.001514s ]
INFO: Run Behavior\CheckLangBehavior [ RunTime:0.001776s ]
INFO: [ app_begin ] --END-- [ RunTime:0.003970s ]
SQL: SHOW COLUMNS FROM `taobao_authorize` [ RunTime:0.0522s ]
SQL: SELECT `expire_time` FROM `taobao_authorize` WHERE `user_id` = '1' LIMIT 1   [ RunTime:0.0470s ]

[ 2016-09-02T13:45:51+08:00 ] 127.0.0.1 /Storage/TbApi/checkAcess.html
INFO: [ app_begin ] --START--
INFO: Run Behavior\ReadHtmlCacheBehavior [ RunTime:0.001044s ]
INFO: Run Behavior\CheckLangBehavior [ RunTime:0.002081s ]
INFO: [ app_begin ] --END-- [ RunTime:0.003882s ]
SQL: SHOW COLUMNS FROM `taobao_authorize` [ RunTime:0.0470s ]
SQL: SELECT `expire_time` FROM `taobao_authorize` WHERE `user_id` = '1' LIMIT 1   [ RunTime:0.0414s ]

[ 2016-09-02T13:45:51+08:00 ] 127.0.0.1 /Storage/Storage/getShipCode.html
INFO: [ app_begin ] --START--
INFO: Run Behavior\ReadHtmlCacheBehavior [ RunTime:0.001197s ]
INFO: Run Behavior\CheckLangBehavior [ RunTime:0.001980s ]
INFO: [ app_begin ] --END-- [ RunTime:0.003876s ]
SQL: SHOW COLUMNS FROM `system_shipping` [ RunTime:0.0454s ]
SQL: SELECT `shipping_code` FROM `system_shipping` WHERE (  id =3 ) LIMIT 1   [ RunTime:0.0449s ]
NOTIC: [2] Missing argument 1 for Storage\Controller\StorageController::getSendAddress(), called in D:\wamp\www\www.cxf.com\DEV\source\admin\fx_supplier\Application\Storage\Controller\StorageController.class.php on line 942 and defined D:\wamp\www\www.cxf.com\DEV\source\admin\fx_supplier\Application\Storage\Controller\StorageController.class.php 第 846 行.
NOTIC: [8] Undefined variable: mOrderId D:\wamp\www\www.cxf.com\DEV\source\admin\fx_supplier\Application\Storage\Controller\StorageController.class.php 第 847 行.

[ 2016-09-02T15:48:23+08:00 ] 127.0.0.1 /Storage/storage/hubDistribution.html
INFO: [ app_begin ] --START--
INFO: Run Behavior\ReadHtmlCacheBehavior [ RunTime:0.001389s ]
INFO: Run Behavior\CheckLangBehavior [ RunTime:0.001494s ]
INFO: [ app_begin ] --END-- [ RunTime:0.003645s ]
SQL: SHOW COLUMNS FROM `hub_order` [ RunTime:0.0517s ]
SQL: SELECT `ship_stats` FROM `hub_order` WHERE (  order_id = 89  ) LIMIT 1   [ RunTime:0.0480s ]
SQL: SELECT `is_print` FROM `hub_order` WHERE ( order_id = 89 ) LIMIT 1   [ RunTime:0.0518s ]
SQL: UPDATE `hub_order` SET `ship_stats`='1' WHERE ( order_id = 89 ) [ RunTime:0.0490s ]
SQL: SHOW COLUMNS FROM `log_list` [ RunTime:0.0484s ]
SQL: INSERT INTO `log_list` (`log_info`,`handle_info`,`cid`,`pid`,`user_id`,`addtime`,`ip_address`) VALUES ('配货','订单配货成功，进入待分配','1','89','1','1472802503','127.0.0.1') [ RunTime:0.0532s ]
SQL: SHOW COLUMNS FROM `fx_operate_logs` [ RunTime:0.0483s ]
NOTIC: [2] Missing argument 1 for I(), called in D:\wamp\www\www.cxf.com\DEV\source\admin\fx_supplier\Application\Common\Controller\BasicController.class.php on line 66 and defined D:\wamp\www\www.cxf.com\DEV\source\admin\fx_supplier\ThinkPHP\Common\functions.php 第 271 行.
NOTIC: [8] Undefined variable: name D:\wamp\www\www.cxf.com\DEV\source\admin\fx_supplier\ThinkPHP\Common\functions.php 第 273 行.
NOTIC: [8] Undefined variable: name D:\wamp\www\www.cxf.com\DEV\source\admin\fx_supplier\ThinkPHP\Common\functions.php 第 278 行.
NOTIC: [8] Undefined variable: name D:\wamp\www\www.cxf.com\DEV\source\admin\fx_supplier\ThinkPHP\Common\functions.php 第 339 行.
SQL: INSERT INTO `fx_operate_logs` (`user_id`,`user_name`,`user_type`,`module`,`url`,`detail`,`add_time`,`ip`,`request`) VALUES ('1','cxf_57c648a374b4c446','1','Storage','/Storage/Storage/hubDistribution.html','订单配货成功，进入待分配,order_id:89','1472802503','127.0.0.1','{\"order_id\":[\"89\"]}') [ RunTime:0.0513s ]

[ 2016-09-02T15:48:29+08:00 ] 127.0.0.1 /Storage/Storage/assginship.html
INFO: [ app_begin ] --START--
INFO: Run Behavior\ReadHtmlCacheBehavior [ RunTime:0.000733s ]
INFO: Run Behavior\CheckLangBehavior [ RunTime:0.001582s ]
INFO: [ app_begin ] --END-- [ RunTime:0.002893s ]
SQL: SHOW COLUMNS FROM `system_shipping` [ RunTime:0.0492s ]
SQL: SELECT * FROM `system_shipping` ORDER BY sort asc  [ RunTime:0.0522s ]
SQL: SHOW COLUMNS FROM `hub_order` [ RunTime:0.0528s ]
SQL: SELECT `ship_stats` FROM `hub_order` WHERE ( order_id =89 ) LIMIT 1   [ RunTime:0.0473s ]
INFO: [ view_parse ] --START--
INFO: [ template_filter ] --START--
INFO: Run Behavior\ContentReplaceBehavior [ RunTime:0.000127s ]
INFO: [ template_filter ] --END-- [ RunTime:0.000224s ]
NOTIC: [8] Undefined variable: hub_id D:\wamp\www\www.cxf.com\DEV\source\admin\fx_supplier\Application\Runtime\Cache\Storage\c062f25da840eeda0638c2e9dc32fd70.php 第 30 行.
INFO: Run Behavior\ParseTemplateBehavior [ RunTime:0.009204s ]
INFO: [ view_parse ] --END-- [ RunTime:0.009307s ]
INFO: [ view_filter ] --START--
INFO: Run Behavior\WriteHtmlCacheBehavior [ RunTime:0.000883s ]
INFO: Run Behavior\TokenBuildBehavior [ RunTime:0.001016s ]
INFO: [ view_filter ] --END-- [ RunTime:0.002033s ]

[ 2016-09-02T15:48:34+08:00 ] 127.0.0.1 /Storage/TbApi/checkAcess.html
INFO: [ app_begin ] --START--
INFO: Run Behavior\ReadHtmlCacheBehavior [ RunTime:0.000688s ]
INFO: Run Behavior\CheckLangBehavior [ RunTime:0.002199s ]
INFO: [ app_begin ] --END-- [ RunTime:0.003537s ]
SQL: SHOW COLUMNS FROM `taobao_authorize` [ RunTime:0.0532s ]
SQL: SELECT `expire_time` FROM `taobao_authorize` WHERE `user_id` = '1' LIMIT 1   [ RunTime:0.0474s ]

[ 2016-09-02T15:48:34+08:00 ] 127.0.0.1 /Storage/Storage/getShipCode.html
INFO: [ app_begin ] --START--
INFO: Run Behavior\ReadHtmlCacheBehavior [ RunTime:0.001395s ]
INFO: Run Behavior\CheckLangBehavior [ RunTime:0.002259s ]
INFO: [ app_begin ] --END-- [ RunTime:0.004618s ]
SQL: SHOW COLUMNS FROM `system_shipping` [ RunTime:0.0490s ]
SQL: SELECT `shipping_code` FROM `system_shipping` WHERE (  id =3 ) LIMIT 1   [ RunTime:0.0439s ]
NOTIC: [2] Missing argument 1 for Storage\Controller\StorageController::getSendAddress(), called in D:\wamp\www\www.cxf.com\DEV\source\admin\fx_supplier\Application\Storage\Controller\StorageController.class.php on line 948 and defined D:\wamp\www\www.cxf.com\DEV\source\admin\fx_supplier\Application\Storage\Controller\StorageController.class.php 第 852 行.
NOTIC: [8] Undefined variable: mOrderId D:\wamp\www\www.cxf.com\DEV\source\admin\fx_supplier\Application\Storage\Controller\StorageController.class.php 第 853 行.

[ 2016-09-02T15:50:19+08:00 ] 127.0.0.1 /Storage/Storage/assginship.html
INFO: [ app_begin ] --START--
INFO: Run Behavior\ReadHtmlCacheBehavior [ RunTime:0.000718s ]
INFO: Run Behavior\CheckLangBehavior [ RunTime:0.001523s ]
INFO: [ app_begin ] --END-- [ RunTime:0.002829s ]
SQL: SHOW COLUMNS FROM `system_shipping` [ RunTime:0.0463s ]
SQL: SELECT * FROM `system_shipping` ORDER BY sort asc  [ RunTime:0.0460s ]
SQL: SHOW COLUMNS FROM `hub_order` [ RunTime:0.0467s ]
SQL: SELECT `ship_stats` FROM `hub_order` WHERE ( order_id =89 ) LIMIT 1   [ RunTime:0.0455s ]
INFO: [ view_parse ] --START--
INFO: [ template_filter ] --START--
INFO: Run Behavior\ContentReplaceBehavior [ RunTime:0.000178s ]
INFO: [ template_filter ] --END-- [ RunTime:0.000401s ]
NOTIC: [8] Undefined variable: hub_id D:\wamp\www\www.cxf.com\DEV\source\admin\fx_supplier\Application\Runtime\Cache\Storage\c062f25da840eeda0638c2e9dc32fd70.php 第 30 行.
INFO: Run Behavior\ParseTemplateBehavior [ RunTime:0.018223s ]
INFO: [ view_parse ] --END-- [ RunTime:0.018420s ]
INFO: [ view_filter ] --START--
INFO: Run Behavior\WriteHtmlCacheBehavior [ RunTime:0.001609s ]
INFO: Run Behavior\TokenBuildBehavior [ RunTime:0.002137s ]
INFO: [ view_filter ] --END-- [ RunTime:0.004045s ]

[ 2016-09-02T15:50:24+08:00 ] 127.0.0.1 /Storage/TbApi/checkAcess.html
INFO: [ app_begin ] --START--
INFO: Run Behavior\ReadHtmlCacheBehavior [ RunTime:0.000933s ]
INFO: Run Behavior\CheckLangBehavior [ RunTime:0.001762s ]
INFO: [ app_begin ] --END-- [ RunTime:0.003446s ]
SQL: SHOW COLUMNS FROM `taobao_authorize` [ RunTime:0.0481s ]
SQL: SELECT `expire_time` FROM `taobao_authorize` WHERE `user_id` = '1' LIMIT 1   [ RunTime:0.0468s ]

[ 2016-09-02T15:50:24+08:00 ] 127.0.0.1 /Storage/Storage/getShipCode.html
INFO: [ app_begin ] --START--
INFO: Run Behavior\ReadHtmlCacheBehavior [ RunTime:0.001232s ]
INFO: Run Behavior\CheckLangBehavior [ RunTime:0.001959s ]
INFO: [ app_begin ] --END-- [ RunTime:0.004018s ]
SQL: SHOW COLUMNS FROM `system_shipping` [ RunTime:0.0445s ]
SQL: SELECT `shipping_code` FROM `system_shipping` WHERE (  id =3 ) LIMIT 1   [ RunTime:0.0411s ]
NOTIC: [2] Missing argument 1 for Storage\Controller\StorageController::getSendAddress(), called in D:\wamp\www\www.cxf.com\DEV\source\admin\fx_supplier\Application\Storage\Controller\StorageController.class.php on line 948 and defined D:\wamp\www\www.cxf.com\DEV\source\admin\fx_supplier\Application\Storage\Controller\StorageController.class.php 第 852 行.
NOTIC: [8] Undefined variable: mOrderId D:\wamp\www\www.cxf.com\DEV\source\admin\fx_supplier\Application\Storage\Controller\StorageController.class.php 第 853 行.

[ 2016-09-02T15:57:07+08:00 ] 127.0.0.1 /Storage/TbApi/checkAcess.html
INFO: [ app_begin ] --START--
INFO: Run Behavior\ReadHtmlCacheBehavior [ RunTime:0.001066s ]
INFO: Run Behavior\CheckLangBehavior [ RunTime:0.003332s ]
INFO: [ app_begin ] --END-- [ RunTime:0.005334s ]
SQL: SHOW COLUMNS FROM `taobao_authorize` [ RunTime:0.0460s ]
SQL: SELECT `expire_time` FROM `taobao_authorize` WHERE `user_id` = '1' LIMIT 1   [ RunTime:0.0462s ]

[ 2016-09-02T15:57:08+08:00 ] 127.0.0.1 /Storage/TbApi/checkAcess.html
INFO: [ app_begin ] --START--
INFO: Run Behavior\ReadHtmlCacheBehavior [ RunTime:0.000996s ]
INFO: Run Behavior\CheckLangBehavior [ RunTime:0.002629s ]
INFO: [ app_begin ] --END-- [ RunTime:0.004697s ]
SQL: SHOW COLUMNS FROM `taobao_authorize` [ RunTime:0.0478s ]
SQL: SELECT `expire_time` FROM `taobao_authorize` WHERE `user_id` = '1' LIMIT 1   [ RunTime:0.0471s ]

[ 2016-09-02T15:58:46+08:00 ] 127.0.0.1 /Storage/TbApi/checkAcess.html
INFO: [ app_begin ] --START--
INFO: Run Behavior\ReadHtmlCacheBehavior [ RunTime:0.000879s ]
INFO: Run Behavior\CheckLangBehavior [ RunTime:0.002107s ]
INFO: [ app_begin ] --END-- [ RunTime:0.003689s ]
SQL: SHOW COLUMNS FROM `taobao_authorize` [ RunTime:0.0442s ]
SQL: SELECT `expire_time` FROM `taobao_authorize` WHERE `user_id` = '1' LIMIT 1   [ RunTime:0.0417s ]

[ 2016-09-02T15:58:47+08:00 ] 127.0.0.1 /Storage/TbApi/checkAcess.html
INFO: [ app_begin ] --START--
INFO: Run Behavior\ReadHtmlCacheBehavior [ RunTime:0.000908s ]
INFO: Run Behavior\CheckLangBehavior [ RunTime:0.002860s ]
INFO: [ app_begin ] --END-- [ RunTime:0.004656s ]
SQL: SHOW COLUMNS FROM `taobao_authorize` [ RunTime:0.0516s ]
SQL: SELECT `expire_time` FROM `taobao_authorize` WHERE `user_id` = '1' LIMIT 1   [ RunTime:0.0479s ]

[ 2016-09-02T16:17:14+08:00 ] 127.0.0.1 /Storage/TbApi/checkAcess.html
INFO: [ app_begin ] --START--
INFO: Run Behavior\ReadHtmlCacheBehavior [ RunTime:0.001531s ]
INFO: Run Behavior\CheckLangBehavior [ RunTime:0.002119s ]
INFO: [ app_begin ] --END-- [ RunTime:0.004799s ]
SQL: SHOW COLUMNS FROM `taobao_authorize` [ RunTime:0.0538s ]
SQL: SELECT `expire_time` FROM `taobao_authorize` WHERE `user_id` = '1' LIMIT 1   [ RunTime:0.0482s ]

[ 2016-09-02T16:17:15+08:00 ] 127.0.0.1 /Storage/TbApi/checkAcess.html
INFO: [ app_begin ] --START--
INFO: Run Behavior\ReadHtmlCacheBehavior [ RunTime:0.001313s ]
INFO: Run Behavior\CheckLangBehavior [ RunTime:0.002407s ]
INFO: [ app_begin ] --END-- [ RunTime:0.004941s ]
SQL: SHOW COLUMNS FROM `taobao_authorize` [ RunTime:0.0511s ]
SQL: SELECT `expire_time` FROM `taobao_authorize` WHERE `user_id` = '1' LIMIT 1   [ RunTime:0.0473s ]

[ 2016-09-02T16:18:54+08:00 ] 127.0.0.1 /Storage/TbApi/checkAcess.html
INFO: [ app_begin ] --START--
INFO: Run Behavior\ReadHtmlCacheBehavior [ RunTime:0.000804s ]
INFO: Run Behavior\CheckLangBehavior [ RunTime:0.001587s ]
INFO: [ app_begin ] --END-- [ RunTime:0.003039s ]
SQL: SHOW COLUMNS FROM `taobao_authorize` [ RunTime:0.0605s ]
SQL: SELECT `expire_time` FROM `taobao_authorize` WHERE `user_id` = '1' LIMIT 1   [ RunTime:0.0508s ]

[ 2016-09-02T16:18:56+08:00 ] 127.0.0.1 /Storage/TbApi/checkAcess.html
INFO: [ app_begin ] --START--
INFO: Run Behavior\ReadHtmlCacheBehavior [ RunTime:0.001141s ]
INFO: Run Behavior\CheckLangBehavior [ RunTime:0.001951s ]
INFO: [ app_begin ] --END-- [ RunTime:0.004067s ]
SQL: SHOW COLUMNS FROM `taobao_authorize` [ RunTime:0.0490s ]
SQL: SELECT `expire_time` FROM `taobao_authorize` WHERE `user_id` = '1' LIMIT 1   [ RunTime:0.0432s ]

[ 2016-09-02T16:18:59+08:00 ] 127.0.0.1 /Storage/TbApi/checkAcess.html
INFO: [ app_begin ] --START--
INFO: Run Behavior\ReadHtmlCacheBehavior [ RunTime:0.001386s ]
INFO: Run Behavior\CheckLangBehavior [ RunTime:0.002148s ]
INFO: [ app_begin ] --END-- [ RunTime:0.004385s ]
SQL: SHOW COLUMNS FROM `taobao_authorize` [ RunTime:0.0538s ]
SQL: SELECT `expire_time` FROM `taobao_authorize` WHERE `user_id` = '1' LIMIT 1   [ RunTime:0.0479s ]

[ 2016-09-02T16:19:03+08:00 ] 127.0.0.1 /Storage/TbApi/checkAcess.html
INFO: [ app_begin ] --START--
INFO: Run Behavior\ReadHtmlCacheBehavior [ RunTime:0.001369s ]
INFO: Run Behavior\CheckLangBehavior [ RunTime:0.003308s ]
INFO: [ app_begin ] --END-- [ RunTime:0.005878s ]
SQL: SHOW COLUMNS FROM `taobao_authorize` [ RunTime:0.0482s ]
SQL: SELECT `expire_time` FROM `taobao_authorize` WHERE `user_id` = '1' LIMIT 1   [ RunTime:0.0474s ]

[ 2016-09-02T16:19:04+08:00 ] 127.0.0.1 /Storage/TbApi/checkAcess.html
INFO: [ app_begin ] --START--
INFO: Run Behavior\ReadHtmlCacheBehavior [ RunTime:0.001245s ]
INFO: Run Behavior\CheckLangBehavior [ RunTime:0.002319s ]
INFO: [ app_begin ] --END-- [ RunTime:0.004832s ]
SQL: SHOW COLUMNS FROM `taobao_authorize` [ RunTime:0.0433s ]
SQL: SELECT `expire_time` FROM `taobao_authorize` WHERE `user_id` = '1' LIMIT 1   [ RunTime:0.0410s ]

[ 2016-09-02T16:19:05+08:00 ] 127.0.0.1 /Storage/TbApi/checkAcess.html
INFO: [ app_begin ] --START--
INFO: Run Behavior\ReadHtmlCacheBehavior [ RunTime:0.001163s ]
INFO: Run Behavior\CheckLangBehavior [ RunTime:0.001756s ]
INFO: [ app_begin ] --END-- [ RunTime:0.003916s ]
SQL: SHOW COLUMNS FROM `taobao_authorize` [ RunTime:0.0541s ]
SQL: SELECT `expire_time` FROM `taobao_authorize` WHERE `user_id` = '1' LIMIT 1   [ RunTime:0.0459s ]

[ 2016-09-02T16:19:05+08:00 ] 127.0.0.1 /Storage/TbApi/checkAcess.html
INFO: [ app_begin ] --START--
INFO: Run Behavior\ReadHtmlCacheBehavior [ RunTime:0.001632s ]
INFO: Run Behavior\CheckLangBehavior [ RunTime:0.002445s ]
INFO: [ app_begin ] --END-- [ RunTime:0.005219s ]
SQL: SHOW COLUMNS FROM `taobao_authorize` [ RunTime:0.0503s ]
SQL: SELECT `expire_time` FROM `taobao_authorize` WHERE `user_id` = '1' LIMIT 1   [ RunTime:0.0469s ]

[ 2016-09-02T16:19:06+08:00 ] 127.0.0.1 /Storage/TbApi/checkAcess.html
INFO: [ app_begin ] --START--
INFO: Run Behavior\ReadHtmlCacheBehavior [ RunTime:0.001117s ]
INFO: Run Behavior\CheckLangBehavior [ RunTime:0.001982s ]
INFO: [ app_begin ] --END-- [ RunTime:0.004011s ]
SQL: SHOW COLUMNS FROM `taobao_authorize` [ RunTime:0.0474s ]
SQL: SELECT `expire_time` FROM `taobao_authorize` WHERE `user_id` = '1' LIMIT 1   [ RunTime:0.0435s ]

[ 2016-09-02T16:19:06+08:00 ] 127.0.0.1 /Storage/TbApi/checkAcess.html
INFO: [ app_begin ] --START--
INFO: Run Behavior\ReadHtmlCacheBehavior [ RunTime:0.001089s ]
INFO: Run Behavior\CheckLangBehavior [ RunTime:0.002539s ]
INFO: [ app_begin ] --END-- [ RunTime:0.004368s ]
SQL: SHOW COLUMNS FROM `taobao_authorize` [ RunTime:0.0492s ]
SQL: SELECT `expire_time` FROM `taobao_authorize` WHERE `user_id` = '1' LIMIT 1   [ RunTime:0.0467s ]

[ 2016-09-02T16:19:07+08:00 ] 127.0.0.1 /Storage/TbApi/checkAcess.html
INFO: [ app_begin ] --START--
INFO: Run Behavior\ReadHtmlCacheBehavior [ RunTime:0.000914s ]
INFO: Run Behavior\CheckLangBehavior [ RunTime:0.001936s ]
INFO: [ app_begin ] --END-- [ RunTime:0.003842s ]
SQL: SHOW COLUMNS FROM `taobao_authorize` [ RunTime:0.0491s ]
SQL: SELECT `expire_time` FROM `taobao_authorize` WHERE `user_id` = '1' LIMIT 1   [ RunTime:0.0422s ]

[ 2016-09-02T16:19:07+08:00 ] 127.0.0.1 /Storage/TbApi/checkAcess.html
INFO: [ app_begin ] --START--
INFO: Run Behavior\ReadHtmlCacheBehavior [ RunTime:0.001066s ]
INFO: Run Behavior\CheckLangBehavior [ RunTime:0.001889s ]
INFO: [ app_begin ] --END-- [ RunTime:0.003920s ]
SQL: SHOW COLUMNS FROM `taobao_authorize` [ RunTime:0.0435s ]
SQL: SELECT `expire_time` FROM `taobao_authorize` WHERE `user_id` = '1' LIMIT 1   [ RunTime:0.0401s ]

[ 2016-09-02T16:19:08+08:00 ] 127.0.0.1 /Storage/TbApi/checkAcess.html
INFO: [ app_begin ] --START--
INFO: Run Behavior\ReadHtmlCacheBehavior [ RunTime:0.001030s ]
INFO: Run Behavior\CheckLangBehavior [ RunTime:0.001865s ]
INFO: [ app_begin ] --END-- [ RunTime:0.003890s ]
SQL: SHOW COLUMNS FROM `taobao_authorize` [ RunTime:0.0427s ]
SQL: SELECT `expire_time` FROM `taobao_authorize` WHERE `user_id` = '1' LIMIT 1   [ RunTime:0.0415s ]

[ 2016-09-02T16:19:08+08:00 ] 127.0.0.1 /Storage/TbApi/checkAcess.html
INFO: [ app_begin ] --START--
INFO: Run Behavior\ReadHtmlCacheBehavior [ RunTime:0.001114s ]
INFO: Run Behavior\CheckLangBehavior [ RunTime:0.002947s ]
INFO: [ app_begin ] --END-- [ RunTime:0.004859s ]
SQL: SHOW COLUMNS FROM `taobao_authorize` [ RunTime:0.0506s ]
SQL: SELECT `expire_time` FROM `taobao_authorize` WHERE `user_id` = '1' LIMIT 1   [ RunTime:0.0471s ]

[ 2016-09-02T16:19:08+08:00 ] 127.0.0.1 /Storage/TbApi/checkAcess.html
INFO: [ app_begin ] --START--
INFO: Run Behavior\ReadHtmlCacheBehavior [ RunTime:0.001101s ]
INFO: Run Behavior\CheckLangBehavior [ RunTime:0.001931s ]
INFO: [ app_begin ] --END-- [ RunTime:0.004064s ]
SQL: SHOW COLUMNS FROM `taobao_authorize` [ RunTime:0.0499s ]
SQL: SELECT `expire_time` FROM `taobao_authorize` WHERE `user_id` = '1' LIMIT 1   [ RunTime:0.0501s ]

[ 2016-09-02T16:19:09+08:00 ] 127.0.0.1 /Storage/TbApi/checkAcess.html
INFO: [ app_begin ] --START--
INFO: Run Behavior\ReadHtmlCacheBehavior [ RunTime:0.001007s ]
INFO: Run Behavior\CheckLangBehavior [ RunTime:0.002050s ]
INFO: [ app_begin ] --END-- [ RunTime:0.004104s ]
SQL: SHOW COLUMNS FROM `taobao_authorize` [ RunTime:0.0492s ]
SQL: SELECT `expire_time` FROM `taobao_authorize` WHERE `user_id` = '1' LIMIT 1   [ RunTime:0.0446s ]

[ 2016-09-02T16:19:09+08:00 ] 127.0.0.1 /Storage/TbApi/checkAcess.html
INFO: [ app_begin ] --START--
INFO: Run Behavior\ReadHtmlCacheBehavior [ RunTime:0.000888s ]
INFO: Run Behavior\CheckLangBehavior [ RunTime:0.001875s ]
INFO: [ app_begin ] --END-- [ RunTime:0.003561s ]
SQL: SHOW COLUMNS FROM `taobao_authorize` [ RunTime:0.0493s ]
SQL: SELECT `expire_time` FROM `taobao_authorize` WHERE `user_id` = '1' LIMIT 1   [ RunTime:0.0476s ]

[ 2016-09-02T16:19:09+08:00 ] 127.0.0.1 /Storage/TbApi/checkAcess.html
INFO: [ app_begin ] --START--
INFO: Run Behavior\ReadHtmlCacheBehavior [ RunTime:0.000805s ]
INFO: Run Behavior\CheckLangBehavior [ RunTime:0.001539s ]
INFO: [ app_begin ] --END-- [ RunTime:0.003060s ]
SQL: SHOW COLUMNS FROM `taobao_authorize` [ RunTime:0.0491s ]
SQL: SELECT `expire_time` FROM `taobao_authorize` WHERE `user_id` = '1' LIMIT 1   [ RunTime:0.0471s ]

[ 2016-09-02T16:19:10+08:00 ] 127.0.0.1 /Storage/TbApi/checkAcess.html
INFO: [ app_begin ] --START--
INFO: Run Behavior\ReadHtmlCacheBehavior [ RunTime:0.001454s ]
INFO: Run Behavior\CheckLangBehavior [ RunTime:0.002071s ]
INFO: [ app_begin ] --END-- [ RunTime:0.004483s ]
SQL: SHOW COLUMNS FROM `taobao_authorize` [ RunTime:0.0513s ]
SQL: SELECT `expire_time` FROM `taobao_authorize` WHERE `user_id` = '1' LIMIT 1   [ RunTime:0.0474s ]

[ 2016-09-02T16:19:10+08:00 ] 127.0.0.1 /Storage/TbApi/checkAcess.html
INFO: [ app_begin ] --START--
INFO: Run Behavior\ReadHtmlCacheBehavior [ RunTime:0.001081s ]
INFO: Run Behavior\CheckLangBehavior [ RunTime:0.002071s ]
INFO: [ app_begin ] --END-- [ RunTime:0.003919s ]
SQL: SHOW COLUMNS FROM `taobao_authorize` [ RunTime:0.0474s ]
SQL: SELECT `expire_time` FROM `taobao_authorize` WHERE `user_id` = '1' LIMIT 1   [ RunTime:0.0460s ]

[ 2016-09-02T16:19:11+08:00 ] 127.0.0.1 /Storage/TbApi/checkAcess.html
INFO: [ app_begin ] --START--
INFO: Run Behavior\ReadHtmlCacheBehavior [ RunTime:0.001061s ]
INFO: Run Behavior\CheckLangBehavior [ RunTime:0.001674s ]
INFO: [ app_begin ] --END-- [ RunTime:0.003683s ]
SQL: SHOW COLUMNS FROM `taobao_authorize` [ RunTime:0.0481s ]
SQL: SELECT `expire_time` FROM `taobao_authorize` WHERE `user_id` = '1' LIMIT 1   [ RunTime:0.0468s ]

[ 2016-09-02T16:19:11+08:00 ] 127.0.0.1 /Storage/TbApi/checkAcess.html
INFO: [ app_begin ] --START--
INFO: Run Behavior\ReadHtmlCacheBehavior [ RunTime:0.001009s ]
INFO: Run Behavior\CheckLangBehavior [ RunTime:0.002016s ]
INFO: [ app_begin ] --END-- [ RunTime:0.003905s ]
SQL: SHOW COLUMNS FROM `taobao_authorize` [ RunTime:0.0562s ]
SQL: SELECT `expire_time` FROM `taobao_authorize` WHERE `user_id` = '1' LIMIT 1   [ RunTime:0.0475s ]

[ 2016-09-02T16:19:11+08:00 ] 127.0.0.1 /Storage/TbApi/checkAcess.html
INFO: [ app_begin ] --START--
INFO: Run Behavior\ReadHtmlCacheBehavior [ RunTime:0.000887s ]
INFO: Run Behavior\CheckLangBehavior [ RunTime:0.001780s ]
INFO: [ app_begin ] --END-- [ RunTime:0.003365s ]
SQL: SHOW COLUMNS FROM `taobao_authorize` [ RunTime:0.0516s ]
SQL: SELECT `expire_time` FROM `taobao_authorize` WHERE `user_id` = '1' LIMIT 1   [ RunTime:0.0466s ]

[ 2016-09-02T16:19:36+08:00 ] 127.0.0.1 /Storage/TbApi/checkAcess.html
INFO: [ app_begin ] --START--
INFO: Run Behavior\ReadHtmlCacheBehavior [ RunTime:0.001445s ]
INFO: Run Behavior\CheckLangBehavior [ RunTime:0.003332s ]
INFO: [ app_begin ] --END-- [ RunTime:0.005950s ]
SQL: SHOW COLUMNS FROM `taobao_authorize` [ RunTime:0.0514s ]
SQL: SELECT `expire_time` FROM `taobao_authorize` WHERE `user_id` = '1' LIMIT 1   [ RunTime:0.0467s ]

[ 2016-09-02T16:19:36+08:00 ] 127.0.0.1 /Storage/TbApi/checkAcess.html
INFO: [ app_begin ] --START--
INFO: Run Behavior\ReadHtmlCacheBehavior [ RunTime:0.001975s ]
INFO: Run Behavior\CheckLangBehavior [ RunTime:0.002494s ]
INFO: [ app_begin ] --END-- [ RunTime:0.005377s ]
SQL: SHOW COLUMNS FROM `taobao_authorize` [ RunTime:0.0533s ]
SQL: SELECT `expire_time` FROM `taobao_authorize` WHERE `user_id` = '1' LIMIT 1   [ RunTime:0.0503s ]

[ 2016-09-02T16:19:38+08:00 ] 127.0.0.1 /Storage/TbApi/checkAcess.html
INFO: [ app_begin ] --START--
INFO: Run Behavior\ReadHtmlCacheBehavior [ RunTime:0.000901s ]
INFO: Run Behavior\CheckLangBehavior [ RunTime:0.001723s ]
INFO: [ app_begin ] --END-- [ RunTime:0.003486s ]
SQL: SHOW COLUMNS FROM `taobao_authorize` [ RunTime:0.0509s ]
SQL: SELECT `expire_time` FROM `taobao_authorize` WHERE `user_id` = '1' LIMIT 1   [ RunTime:0.0479s ]

[ 2016-09-02T16:19:43+08:00 ] 127.0.0.1 /Storage/TbApi/checkAcess.html
INFO: [ app_begin ] --START--
INFO: Run Behavior\ReadHtmlCacheBehavior [ RunTime:0.001003s ]
INFO: Run Behavior\CheckLangBehavior [ RunTime:0.001931s ]
INFO: [ app_begin ] --END-- [ RunTime:0.003716s ]
SQL: SHOW COLUMNS FROM `taobao_authorize` [ RunTime:0.0444s ]
SQL: SELECT `expire_time` FROM `taobao_authorize` WHERE `user_id` = '1' LIMIT 1   [ RunTime:0.0428s ]

[ 2016-09-02T16:19:43+08:00 ] 127.0.0.1 /Storage/TbApi/checkAcess.html
INFO: [ app_begin ] --START--
INFO: Run Behavior\ReadHtmlCacheBehavior [ RunTime:0.000766s ]
INFO: Run Behavior\CheckLangBehavior [ RunTime:0.001727s ]
INFO: [ app_begin ] --END-- [ RunTime:0.003215s ]
SQL: SHOW COLUMNS FROM `taobao_authorize` [ RunTime:0.0424s ]
SQL: SELECT `expire_time` FROM `taobao_authorize` WHERE `user_id` = '1' LIMIT 1   [ RunTime:0.0415s ]

[ 2016-09-02T16:19:43+08:00 ] 127.0.0.1 /Storage/TbApi/checkAcess.html
INFO: [ app_begin ] --START--
INFO: Run Behavior\ReadHtmlCacheBehavior [ RunTime:0.001070s ]
INFO: Run Behavior\CheckLangBehavior [ RunTime:0.002052s ]
INFO: [ app_begin ] --END-- [ RunTime:0.004190s ]
SQL: SHOW COLUMNS FROM `taobao_authorize` [ RunTime:0.0444s ]
SQL: SELECT `expire_time` FROM `taobao_authorize` WHERE `user_id` = '1' LIMIT 1   [ RunTime:0.0455s ]

[ 2016-09-02T16:19:44+08:00 ] 127.0.0.1 /Storage/TbApi/checkAcess.html
INFO: [ app_begin ] --START--
INFO: Run Behavior\ReadHtmlCacheBehavior [ RunTime:0.000899s ]
INFO: Run Behavior\CheckLangBehavior [ RunTime:0.001706s ]
INFO: [ app_begin ] --END-- [ RunTime:0.003651s ]
SQL: SHOW COLUMNS FROM `taobao_authorize` [ RunTime:0.0457s ]
SQL: SELECT `expire_time` FROM `taobao_authorize` WHERE `user_id` = '1' LIMIT 1   [ RunTime:0.0435s ]

[ 2016-09-02T16:19:44+08:00 ] 127.0.0.1 /Storage/TbApi/checkAcess.html
INFO: [ app_begin ] --START--
INFO: Run Behavior\ReadHtmlCacheBehavior [ RunTime:0.001823s ]
INFO: Run Behavior\CheckLangBehavior [ RunTime:0.002529s ]
INFO: [ app_begin ] --END-- [ RunTime:0.005692s ]
SQL: SHOW COLUMNS FROM `taobao_authorize` [ RunTime:0.0451s ]
SQL: SELECT `expire_time` FROM `taobao_authorize` WHERE `user_id` = '1' LIMIT 1   [ RunTime:0.0443s ]

[ 2016-09-02T16:19:45+08:00 ] 127.0.0.1 /Storage/TbApi/checkAcess.html
INFO: [ app_begin ] --START--
INFO: Run Behavior\ReadHtmlCacheBehavior [ RunTime:0.000872s ]
INFO: Run Behavior\CheckLangBehavior [ RunTime:0.001741s ]
INFO: [ app_begin ] --END-- [ RunTime:0.003360s ]
SQL: SHOW COLUMNS FROM `taobao_authorize` [ RunTime:0.0482s ]
SQL: SELECT `expire_time` FROM `taobao_authorize` WHERE `user_id` = '1' LIMIT 1   [ RunTime:0.0428s ]

[ 2016-09-02T16:19:45+08:00 ] 127.0.0.1 /Storage/TbApi/checkAcess.html
INFO: [ app_begin ] --START--
INFO: Run Behavior\ReadHtmlCacheBehavior [ RunTime:0.000917s ]
INFO: Run Behavior\CheckLangBehavior [ RunTime:0.002365s ]
INFO: [ app_begin ] --END-- [ RunTime:0.004111s ]
SQL: SHOW COLUMNS FROM `taobao_authorize` [ RunTime:0.0479s ]
SQL: SELECT `expire_time` FROM `taobao_authorize` WHERE `user_id` = '1' LIMIT 1   [ RunTime:0.0473s ]

[ 2016-09-02T16:19:45+08:00 ] 127.0.0.1 /Storage/TbApi/checkAcess.html
INFO: [ app_begin ] --START--
INFO: Run Behavior\ReadHtmlCacheBehavior [ RunTime:0.000868s ]
INFO: Run Behavior\CheckLangBehavior [ RunTime:0.001604s ]
INFO: [ app_begin ] --END-- [ RunTime:0.003187s ]
SQL: SHOW COLUMNS FROM `taobao_authorize` [ RunTime:0.0517s ]
SQL: SELECT `expire_time` FROM `taobao_authorize` WHERE `user_id` = '1' LIMIT 1   [ RunTime:0.0473s ]

[ 2016-09-02T16:19:46+08:00 ] 127.0.0.1 /Storage/TbApi/checkAcess.html
INFO: [ app_begin ] --START--
INFO: Run Behavior\ReadHtmlCacheBehavior [ RunTime:0.000831s ]
INFO: Run Behavior\CheckLangBehavior [ RunTime:0.001590s ]
INFO: [ app_begin ] --END-- [ RunTime:0.003070s ]
SQL: SHOW COLUMNS FROM `taobao_authorize` [ RunTime:0.0493s ]
SQL: SELECT `expire_time` FROM `taobao_authorize` WHERE `user_id` = '1' LIMIT 1   [ RunTime:0.0494s ]

[ 2016-09-02T16:19:46+08:00 ] 127.0.0.1 /Storage/TbApi/checkAcess.html
INFO: [ app_begin ] --START--
INFO: Run Behavior\ReadHtmlCacheBehavior [ RunTime:0.000980s ]
INFO: Run Behavior\CheckLangBehavior [ RunTime:0.002493s ]
INFO: [ app_begin ] --END-- [ RunTime:0.004492s ]
SQL: SHOW COLUMNS FROM `taobao_authorize` [ RunTime:0.0473s ]
SQL: SELECT `expire_time` FROM `taobao_authorize` WHERE `user_id` = '1' LIMIT 1   [ RunTime:0.0472s ]

[ 2016-09-02T16:19:46+08:00 ] 127.0.0.1 /Storage/TbApi/checkAcess.html
INFO: [ app_begin ] --START--
INFO: Run Behavior\ReadHtmlCacheBehavior [ RunTime:0.001066s ]
INFO: Run Behavior\CheckLangBehavior [ RunTime:0.001888s ]
INFO: [ app_begin ] --END-- [ RunTime:0.003814s ]
SQL: SHOW COLUMNS FROM `taobao_authorize` [ RunTime:0.0431s ]
SQL: SELECT `expire_time` FROM `taobao_authorize` WHERE `user_id` = '1' LIMIT 1   [ RunTime:0.0433s ]

[ 2016-09-02T16:19:47+08:00 ] 127.0.0.1 /Storage/TbApi/checkAcess.html
INFO: [ app_begin ] --START--
INFO: Run Behavior\ReadHtmlCacheBehavior [ RunTime:0.001055s ]
INFO: Run Behavior\CheckLangBehavior [ RunTime:0.002202s ]
INFO: [ app_begin ] --END-- [ RunTime:0.004027s ]
SQL: SHOW COLUMNS FROM `taobao_authorize` [ RunTime:0.0485s ]
SQL: SELECT `expire_time` FROM `taobao_authorize` WHERE `user_id` = '1' LIMIT 1   [ RunTime:0.0469s ]

[ 2016-09-02T16:19:47+08:00 ] 127.0.0.1 /Storage/TbApi/checkAcess.html
INFO: [ app_begin ] --START--
INFO: Run Behavior\ReadHtmlCacheBehavior [ RunTime:0.000749s ]
INFO: Run Behavior\CheckLangBehavior [ RunTime:0.002528s ]
INFO: [ app_begin ] --END-- [ RunTime:0.003904s ]
SQL: SHOW COLUMNS FROM `taobao_authorize` [ RunTime:0.0486s ]
SQL: SELECT `expire_time` FROM `taobao_authorize` WHERE `user_id` = '1' LIMIT 1   [ RunTime:0.0473s ]

[ 2016-09-02T16:19:47+08:00 ] 127.0.0.1 /Storage/TbApi/checkAcess.html
INFO: [ app_begin ] --START--
INFO: Run Behavior\ReadHtmlCacheBehavior [ RunTime:0.001088s ]
INFO: Run Behavior\CheckLangBehavior [ RunTime:0.001705s ]
INFO: [ app_begin ] --END-- [ RunTime:0.003648s ]
SQL: SHOW COLUMNS FROM `taobao_authorize` [ RunTime:0.0449s ]
SQL: SELECT `expire_time` FROM `taobao_authorize` WHERE `user_id` = '1' LIMIT 1   [ RunTime:0.0424s ]

[ 2016-09-02T16:19:48+08:00 ] 127.0.0.1 /Storage/TbApi/checkAcess.html
INFO: [ app_begin ] --START--
INFO: Run Behavior\ReadHtmlCacheBehavior [ RunTime:0.001836s ]
INFO: Run Behavior\CheckLangBehavior [ RunTime:0.002292s ]
INFO: [ app_begin ] --END-- [ RunTime:0.005720s ]
SQL: SHOW COLUMNS FROM `taobao_authorize` [ RunTime:0.0458s ]
SQL: SELECT `expire_time` FROM `taobao_authorize` WHERE `user_id` = '1' LIMIT 1   [ RunTime:0.0427s ]

[ 2016-09-02T16:19:48+08:00 ] 127.0.0.1 /Storage/TbApi/checkAcess.html
INFO: [ app_begin ] --START--
INFO: Run Behavior\ReadHtmlCacheBehavior [ RunTime:0.000842s ]
INFO: Run Behavior\CheckLangBehavior [ RunTime:0.002548s ]
INFO: [ app_begin ] --END-- [ RunTime:0.004200s ]
SQL: SHOW COLUMNS FROM `taobao_authorize` [ RunTime:0.0522s ]
SQL: SELECT `expire_time` FROM `taobao_authorize` WHERE `user_id` = '1' LIMIT 1   [ RunTime:0.0537s ]

[ 2016-09-02T16:19:48+08:00 ] 127.0.0.1 /Storage/TbApi/checkAcess.html
INFO: [ app_begin ] --START--
INFO: Run Behavior\ReadHtmlCacheBehavior [ RunTime:0.000907s ]
INFO: Run Behavior\CheckLangBehavior [ RunTime:0.001560s ]
INFO: [ app_begin ] --END-- [ RunTime:0.003144s ]
SQL: SHOW COLUMNS FROM `taobao_authorize` [ RunTime:0.0441s ]
SQL: SELECT `expire_time` FROM `taobao_authorize` WHERE `user_id` = '1' LIMIT 1   [ RunTime:0.0416s ]

[ 2016-09-02T16:19:49+08:00 ] 127.0.0.1 /Storage/TbApi/checkAcess.html
INFO: [ app_begin ] --START--
INFO: Run Behavior\ReadHtmlCacheBehavior [ RunTime:0.001064s ]
INFO: Run Behavior\CheckLangBehavior [ RunTime:0.001967s ]
INFO: [ app_begin ] --END-- [ RunTime:0.003730s ]
SQL: SHOW COLUMNS FROM `taobao_authorize` [ RunTime:0.0456s ]
SQL: SELECT `expire_time` FROM `taobao_authorize` WHERE `user_id` = '1' LIMIT 1   [ RunTime:0.0421s ]

[ 2016-09-02T16:19:49+08:00 ] 127.0.0.1 /Storage/TbApi/checkAcess.html
INFO: [ app_begin ] --START--
INFO: Run Behavior\ReadHtmlCacheBehavior [ RunTime:0.001065s ]
INFO: Run Behavior\CheckLangBehavior [ RunTime:0.002125s ]
INFO: [ app_begin ] --END-- [ RunTime:0.004090s ]
SQL: SHOW COLUMNS FROM `taobao_authorize` [ RunTime:0.0539s ]
SQL: SELECT `expire_time` FROM `taobao_authorize` WHERE `user_id` = '1' LIMIT 1   [ RunTime:0.0484s ]

[ 2016-09-02T16:19:50+08:00 ] 127.0.0.1 /Storage/TbApi/checkAcess.html
INFO: [ app_begin ] --START--
INFO: Run Behavior\ReadHtmlCacheBehavior [ RunTime:0.001395s ]
INFO: Run Behavior\CheckLangBehavior [ RunTime:0.002187s ]
INFO: [ app_begin ] --END-- [ RunTime:0.004499s ]
SQL: SHOW COLUMNS FROM `taobao_authorize` [ RunTime:0.0470s ]
SQL: SELECT `expire_time` FROM `taobao_authorize` WHERE `user_id` = '1' LIMIT 1   [ RunTime:0.0466s ]

[ 2016-09-02T16:20:03+08:00 ] 127.0.0.1 /Storage/TbApi/checkAcess.html
INFO: [ app_begin ] --START--
INFO: Run Behavior\ReadHtmlCacheBehavior [ RunTime:0.000839s ]
INFO: Run Behavior\CheckLangBehavior [ RunTime:0.002056s ]
INFO: [ app_begin ] --END-- [ RunTime:0.003548s ]
SQL: SHOW COLUMNS FROM `taobao_authorize` [ RunTime:0.0551s ]
SQL: SELECT `expire_time` FROM `taobao_authorize` WHERE `user_id` = '1' LIMIT 1   [ RunTime:0.0477s ]

[ 2016-09-02T16:20:04+08:00 ] 127.0.0.1 /Storage/TbApi/checkAcess.html
INFO: [ app_begin ] --START--
INFO: Run Behavior\ReadHtmlCacheBehavior [ RunTime:0.001901s ]
INFO: Run Behavior\CheckLangBehavior [ RunTime:0.002136s ]
INFO: [ app_begin ] --END-- [ RunTime:0.005644s ]
SQL: SHOW COLUMNS FROM `taobao_authorize` [ RunTime:0.0557s ]
SQL: SELECT `expire_time` FROM `taobao_authorize` WHERE `user_id` = '1' LIMIT 1   [ RunTime:0.0462s ]

[ 2016-09-02T16:20:04+08:00 ] 127.0.0.1 /Storage/TbApi/checkAcess.html
INFO: [ app_begin ] --START--
INFO: Run Behavior\ReadHtmlCacheBehavior [ RunTime:0.002851s ]
INFO: Run Behavior\CheckLangBehavior [ RunTime:0.002027s ]
INFO: [ app_begin ] --END-- [ RunTime:0.007163s ]
SQL: SHOW COLUMNS FROM `taobao_authorize` [ RunTime:0.0461s ]
SQL: SELECT `expire_time` FROM `taobao_authorize` WHERE `user_id` = '1' LIMIT 1   [ RunTime:0.0441s ]

[ 2016-09-02T16:20:04+08:00 ] 127.0.0.1 /Storage/TbApi/checkAcess.html
INFO: [ app_begin ] --START--
INFO: Run Behavior\ReadHtmlCacheBehavior [ RunTime:0.001323s ]
INFO: Run Behavior\CheckLangBehavior [ RunTime:0.001920s ]
INFO: [ app_begin ] --END-- [ RunTime:0.004539s ]
SQL: SHOW COLUMNS FROM `taobao_authorize` [ RunTime:0.0479s ]
SQL: SELECT `expire_time` FROM `taobao_authorize` WHERE `user_id` = '1' LIMIT 1   [ RunTime:0.0412s ]

[ 2016-09-02T16:20:05+08:00 ] 127.0.0.1 /Storage/TbApi/checkAcess.html
INFO: [ app_begin ] --START--
INFO: Run Behavior\ReadHtmlCacheBehavior [ RunTime:0.000956s ]
INFO: Run Behavior\CheckLangBehavior [ RunTime:0.001655s ]
INFO: [ app_begin ] --END-- [ RunTime:0.003454s ]
SQL: SHOW COLUMNS FROM `taobao_authorize` [ RunTime:0.0463s ]
SQL: SELECT `expire_time` FROM `taobao_authorize` WHERE `user_id` = '1' LIMIT 1   [ RunTime:0.0416s ]

[ 2016-09-02T16:20:05+08:00 ] 127.0.0.1 /Storage/TbApi/checkAcess.html
INFO: [ app_begin ] --START--
INFO: Run Behavior\ReadHtmlCacheBehavior [ RunTime:0.001182s ]
INFO: Run Behavior\CheckLangBehavior [ RunTime:0.001747s ]
INFO: [ app_begin ] --END-- [ RunTime:0.003813s ]
SQL: SHOW COLUMNS FROM `taobao_authorize` [ RunTime:0.0483s ]
SQL: SELECT `expire_time` FROM `taobao_authorize` WHERE `user_id` = '1' LIMIT 1   [ RunTime:0.0479s ]

[ 2016-09-02T16:20:05+08:00 ] 127.0.0.1 /Storage/TbApi/checkAcess.html
INFO: [ app_begin ] --START--
INFO: Run Behavior\ReadHtmlCacheBehavior [ RunTime:0.001010s ]
INFO: Run Behavior\CheckLangBehavior [ RunTime:0.001679s ]
INFO: [ app_begin ] --END-- [ RunTime:0.003430s ]
SQL: SHOW COLUMNS FROM `taobao_authorize` [ RunTime:0.0524s ]
SQL: SELECT `expire_time` FROM `taobao_authorize` WHERE `user_id` = '1' LIMIT 1   [ RunTime:0.0526s ]

[ 2016-09-02T16:20:06+08:00 ] 127.0.0.1 /Storage/TbApi/checkAcess.html
INFO: [ app_begin ] --START--
INFO: Run Behavior\ReadHtmlCacheBehavior [ RunTime:0.001728s ]
INFO: Run Behavior\CheckLangBehavior [ RunTime:0.002902s ]
INFO: [ app_begin ] --END-- [ RunTime:0.005775s ]
SQL: SHOW COLUMNS FROM `taobao_authorize` [ RunTime:0.0485s ]
SQL: SELECT `expire_time` FROM `taobao_authorize` WHERE `user_id` = '1' LIMIT 1   [ RunTime:0.0478s ]

[ 2016-09-02T16:20:06+08:00 ] 127.0.0.1 /Storage/TbApi/checkAcess.html
INFO: [ app_begin ] --START--
INFO: Run Behavior\ReadHtmlCacheBehavior [ RunTime:0.000811s ]
INFO: Run Behavior\CheckLangBehavior [ RunTime:0.001501s ]
INFO: [ app_begin ] --END-- [ RunTime:0.002908s ]
SQL: SHOW COLUMNS FROM `taobao_authorize` [ RunTime:0.0485s ]
SQL: SELECT `expire_time` FROM `taobao_authorize` WHERE `user_id` = '1' LIMIT 1   [ RunTime:0.0446s ]

[ 2016-09-02T16:20:06+08:00 ] 127.0.0.1 /Storage/TbApi/checkAcess.html
INFO: [ app_begin ] --START--
INFO: Run Behavior\ReadHtmlCacheBehavior [ RunTime:0.000857s ]
INFO: Run Behavior\CheckLangBehavior [ RunTime:0.001573s ]
INFO: [ app_begin ] --END-- [ RunTime:0.003015s ]
SQL: SHOW COLUMNS FROM `taobao_authorize` [ RunTime:0.0516s ]
SQL: SELECT `expire_time` FROM `taobao_authorize` WHERE `user_id` = '1' LIMIT 1   [ RunTime:0.0469s ]

[ 2016-09-02T16:20:07+08:00 ] 127.0.0.1 /Storage/TbApi/checkAcess.html
INFO: [ app_begin ] --START--
INFO: Run Behavior\ReadHtmlCacheBehavior [ RunTime:0.001034s ]
INFO: Run Behavior\CheckLangBehavior [ RunTime:0.002581s ]
INFO: [ app_begin ] --END-- [ RunTime:0.004318s ]
SQL: SHOW COLUMNS FROM `taobao_authorize` [ RunTime:0.0444s ]
SQL: SELECT `expire_time` FROM `taobao_authorize` WHERE `user_id` = '1' LIMIT 1   [ RunTime:0.0435s ]

[ 2016-09-02T16:20:07+08:00 ] 127.0.0.1 /Storage/TbApi/checkAcess.html
INFO: [ app_begin ] --START--
INFO: Run Behavior\ReadHtmlCacheBehavior [ RunTime:0.001461s ]
INFO: Run Behavior\CheckLangBehavior [ RunTime:0.001649s ]
INFO: [ app_begin ] --END-- [ RunTime:0.004443s ]
SQL: SHOW COLUMNS FROM `taobao_authorize` [ RunTime:0.0443s ]
SQL: SELECT `expire_time` FROM `taobao_authorize` WHERE `user_id` = '1' LIMIT 1   [ RunTime:0.0419s ]

[ 2016-09-02T16:20:07+08:00 ] 127.0.0.1 /Storage/TbApi/checkAcess.html
INFO: [ app_begin ] --START--
INFO: Run Behavior\ReadHtmlCacheBehavior [ RunTime:0.000865s ]
INFO: Run Behavior\CheckLangBehavior [ RunTime:0.001655s ]
INFO: [ app_begin ] --END-- [ RunTime:0.003220s ]
SQL: SHOW COLUMNS FROM `taobao_authorize` [ RunTime:0.0526s ]
SQL: SELECT `expire_time` FROM `taobao_authorize` WHERE `user_id` = '1' LIMIT 1   [ RunTime:0.0472s ]

[ 2016-09-02T16:20:08+08:00 ] 127.0.0.1 /Storage/TbApi/checkAcess.html
INFO: [ app_begin ] --START--
INFO: Run Behavior\ReadHtmlCacheBehavior [ RunTime:0.001870s ]
INFO: Run Behavior\CheckLangBehavior [ RunTime:0.006099s ]
INFO: [ app_begin ] --END-- [ RunTime:0.009700s ]
SQL: SHOW COLUMNS FROM `taobao_authorize` [ RunTime:0.0461s ]
SQL: SELECT `expire_time` FROM `taobao_authorize` WHERE `user_id` = '1' LIMIT 1   [ RunTime:0.0418s ]

[ 2016-09-02T16:20:08+08:00 ] 127.0.0.1 /Storage/TbApi/checkAcess.html
INFO: [ app_begin ] --START--
INFO: Run Behavior\ReadHtmlCacheBehavior [ RunTime:0.001208s ]
INFO: Run Behavior\CheckLangBehavior [ RunTime:0.001852s ]
INFO: [ app_begin ] --END-- [ RunTime:0.003987s ]
SQL: SHOW COLUMNS FROM `taobao_authorize` [ RunTime:0.0509s ]
SQL: SELECT `expire_time` FROM `taobao_authorize` WHERE `user_id` = '1' LIMIT 1   [ RunTime:0.0476s ]

[ 2016-09-02T16:20:08+08:00 ] 127.0.0.1 /Storage/TbApi/checkAcess.html
INFO: [ app_begin ] --START--
INFO: Run Behavior\ReadHtmlCacheBehavior [ RunTime:0.001008s ]
INFO: Run Behavior\CheckLangBehavior [ RunTime:0.001478s ]
INFO: [ app_begin ] --END-- [ RunTime:0.003280s ]
SQL: SHOW COLUMNS FROM `taobao_authorize` [ RunTime:0.0522s ]
SQL: SELECT `expire_time` FROM `taobao_authorize` WHERE `user_id` = '1' LIMIT 1   [ RunTime:0.0475s ]

[ 2016-09-02T16:20:09+08:00 ] 127.0.0.1 /Storage/TbApi/checkAcess.html
INFO: [ app_begin ] --START--
INFO: Run Behavior\ReadHtmlCacheBehavior [ RunTime:0.000955s ]
INFO: Run Behavior\CheckLangBehavior [ RunTime:0.001721s ]
INFO: [ app_begin ] --END-- [ RunTime:0.003430s ]
SQL: SHOW COLUMNS FROM `taobao_authorize` [ RunTime:0.0503s ]
SQL: SELECT `expire_time` FROM `taobao_authorize` WHERE `user_id` = '1' LIMIT 1   [ RunTime:0.0453s ]

[ 2016-09-02T16:20:09+08:00 ] 127.0.0.1 /Storage/TbApi/checkAcess.html
INFO: [ app_begin ] --START--
INFO: Run Behavior\ReadHtmlCacheBehavior [ RunTime:0.000805s ]
INFO: Run Behavior\CheckLangBehavior [ RunTime:0.001482s ]
INFO: [ app_begin ] --END-- [ RunTime:0.003042s ]
SQL: SHOW COLUMNS FROM `taobao_authorize` [ RunTime:0.0530s ]
SQL: SELECT `expire_time` FROM `taobao_authorize` WHERE `user_id` = '1' LIMIT 1   [ RunTime:0.0478s ]

[ 2016-09-02T16:20:09+08:00 ] 127.0.0.1 /Storage/TbApi/checkAcess.html
INFO: [ app_begin ] --START--
INFO: Run Behavior\ReadHtmlCacheBehavior [ RunTime:0.001158s ]
INFO: Run Behavior\CheckLangBehavior [ RunTime:0.002201s ]
INFO: [ app_begin ] --END-- [ RunTime:0.004171s ]
SQL: SHOW COLUMNS FROM `taobao_authorize` [ RunTime:0.0454s ]
SQL: SELECT `expire_time` FROM `taobao_authorize` WHERE `user_id` = '1' LIMIT 1   [ RunTime:0.0408s ]

[ 2016-09-02T16:20:10+08:00 ] 127.0.0.1 /Storage/TbApi/checkAcess.html
INFO: [ app_begin ] --START--
INFO: Run Behavior\ReadHtmlCacheBehavior [ RunTime:0.000772s ]
INFO: Run Behavior\CheckLangBehavior [ RunTime:0.002282s ]
INFO: [ app_begin ] --END-- [ RunTime:0.003759s ]
SQL: SHOW COLUMNS FROM `taobao_authorize` [ RunTime:0.0524s ]
SQL: SELECT `expire_time` FROM `taobao_authorize` WHERE `user_id` = '1' LIMIT 1   [ RunTime:0.0477s ]

[ 2016-09-02T16:20:10+08:00 ] 127.0.0.1 /Storage/TbApi/checkAcess.html
INFO: [ app_begin ] --START--
INFO: Run Behavior\ReadHtmlCacheBehavior [ RunTime:0.001181s ]
INFO: Run Behavior\CheckLangBehavior [ RunTime:0.002130s ]
INFO: [ app_begin ] --END-- [ RunTime:0.004293s ]
SQL: SHOW COLUMNS FROM `taobao_authorize` [ RunTime:0.0489s ]
SQL: SELECT `expire_time` FROM `taobao_authorize` WHERE `user_id` = '1' LIMIT 1   [ RunTime:0.0417s ]

[ 2016-09-02T16:20:11+08:00 ] 127.0.0.1 /Storage/TbApi/checkAcess.html
INFO: [ app_begin ] --START--
INFO: Run Behavior\ReadHtmlCacheBehavior [ RunTime:0.000932s ]
INFO: Run Behavior\CheckLangBehavior [ RunTime:0.001583s ]
INFO: [ app_begin ] --END-- [ RunTime:0.003186s ]
SQL: SHOW COLUMNS FROM `taobao_authorize` [ RunTime:0.0496s ]
SQL: SELECT `expire_time` FROM `taobao_authorize` WHERE `user_id` = '1' LIMIT 1   [ RunTime:0.0477s ]

[ 2016-09-02T16:20:11+08:00 ] 127.0.0.1 /Storage/TbApi/checkAcess.html
INFO: [ app_begin ] --START--
INFO: Run Behavior\ReadHtmlCacheBehavior [ RunTime:0.001233s ]
INFO: Run Behavior\CheckLangBehavior [ RunTime:0.001642s ]
INFO: [ app_begin ] --END-- [ RunTime:0.003713s ]
SQL: SHOW COLUMNS FROM `taobao_authorize` [ RunTime:0.0483s ]
SQL: SELECT `expire_time` FROM `taobao_authorize` WHERE `user_id` = '1' LIMIT 1   [ RunTime:0.0469s ]

[ 2016-09-02T16:20:11+08:00 ] 127.0.0.1 /Storage/TbApi/checkAcess.html
INFO: [ app_begin ] --START--
INFO: Run Behavior\ReadHtmlCacheBehavior [ RunTime:0.000887s ]
INFO: Run Behavior\CheckLangBehavior [ RunTime:0.001597s ]
INFO: [ app_begin ] --END-- [ RunTime:0.003239s ]
SQL: SHOW COLUMNS FROM `taobao_authorize` [ RunTime:0.0484s ]
SQL: SELECT `expire_time` FROM `taobao_authorize` WHERE `user_id` = '1' LIMIT 1   [ RunTime:0.0472s ]

[ 2016-09-02T16:20:12+08:00 ] 127.0.0.1 /Storage/TbApi/checkAcess.html
INFO: [ app_begin ] --START--
INFO: Run Behavior\ReadHtmlCacheBehavior [ RunTime:0.000986s ]
INFO: Run Behavior\CheckLangBehavior [ RunTime:0.002925s ]
INFO: [ app_begin ] --END-- [ RunTime:0.004943s ]
SQL: SHOW COLUMNS FROM `taobao_authorize` [ RunTime:0.0518s ]
SQL: SELECT `expire_time` FROM `taobao_authorize` WHERE `user_id` = '1' LIMIT 1   [ RunTime:0.0476s ]

[ 2016-09-02T16:20:12+08:00 ] 127.0.0.1 /Storage/TbApi/checkAcess.html
INFO: [ app_begin ] --START--
INFO: Run Behavior\ReadHtmlCacheBehavior [ RunTime:0.000866s ]
INFO: Run Behavior\CheckLangBehavior [ RunTime:0.001695s ]
INFO: [ app_begin ] --END-- [ RunTime:0.003284s ]
SQL: SHOW COLUMNS FROM `taobao_authorize` [ RunTime:0.0450s ]
SQL: SELECT `expire_time` FROM `taobao_authorize` WHERE `user_id` = '1' LIMIT 1   [ RunTime:0.0407s ]

[ 2016-09-02T16:20:13+08:00 ] 127.0.0.1 /Storage/TbApi/checkAcess.html
INFO: [ app_begin ] --START--
INFO: Run Behavior\ReadHtmlCacheBehavior [ RunTime:0.001355s ]
INFO: Run Behavior\CheckLangBehavior [ RunTime:0.001742s ]
INFO: [ app_begin ] --END-- [ RunTime:0.004002s ]
SQL: SHOW COLUMNS FROM `taobao_authorize` [ RunTime:0.0487s ]
SQL: SELECT `expire_time` FROM `taobao_authorize` WHERE `user_id` = '1' LIMIT 1   [ RunTime:0.0483s ]

[ 2016-09-02T16:20:13+08:00 ] 127.0.0.1 /Storage/TbApi/checkAcess.html
INFO: [ app_begin ] --START--
INFO: Run Behavior\ReadHtmlCacheBehavior [ RunTime:0.000831s ]
INFO: Run Behavior\CheckLangBehavior [ RunTime:0.001761s ]
INFO: [ app_begin ] --END-- [ RunTime:0.003346s ]
SQL: SHOW COLUMNS FROM `taobao_authorize` [ RunTime:0.0447s ]
SQL: SELECT `expire_time` FROM `taobao_authorize` WHERE `user_id` = '1' LIMIT 1   [ RunTime:0.0424s ]

[ 2016-09-02T16:20:13+08:00 ] 127.0.0.1 /Storage/TbApi/checkAcess.html
INFO: [ app_begin ] --START--
INFO: Run Behavior\ReadHtmlCacheBehavior [ RunTime:0.002688s ]
INFO: Run Behavior\CheckLangBehavior [ RunTime:0.004764s ]
INFO: [ app_begin ] --END-- [ RunTime:0.008514s ]
SQL: SHOW COLUMNS FROM `taobao_authorize` [ RunTime:0.0451s ]
SQL: SELECT `expire_time` FROM `taobao_authorize` WHERE `user_id` = '1' LIMIT 1   [ RunTime:0.0413s ]

[ 2016-09-02T16:20:14+08:00 ] 127.0.0.1 /Storage/TbApi/checkAcess.html
INFO: [ app_begin ] --START--
INFO: Run Behavior\ReadHtmlCacheBehavior [ RunTime:0.001054s ]
INFO: Run Behavior\CheckLangBehavior [ RunTime:0.001807s ]
INFO: [ app_begin ] --END-- [ RunTime:0.003844s ]
SQL: SHOW COLUMNS FROM `taobao_authorize` [ RunTime:0.0482s ]
SQL: SELECT `expire_time` FROM `taobao_authorize` WHERE `user_id` = '1' LIMIT 1   [ RunTime:0.0480s ]

[ 2016-09-02T16:20:14+08:00 ] 127.0.0.1 /Storage/TbApi/checkAcess.html
INFO: [ app_begin ] --START--
INFO: Run Behavior\ReadHtmlCacheBehavior [ RunTime:0.011078s ]
INFO: Run Behavior\CheckLangBehavior [ RunTime:0.002138s ]
INFO: [ app_begin ] --END-- [ RunTime:0.014427s ]
SQL: SHOW COLUMNS FROM `taobao_authorize` [ RunTime:0.0480s ]
SQL: SELECT `expire_time` FROM `taobao_authorize` WHERE `user_id` = '1' LIMIT 1   [ RunTime:0.0482s ]

[ 2016-09-02T16:20:14+08:00 ] 127.0.0.1 /Storage/TbApi/checkAcess.html
INFO: [ app_begin ] --START--
INFO: Run Behavior\ReadHtmlCacheBehavior [ RunTime:0.001207s ]
INFO: Run Behavior\CheckLangBehavior [ RunTime:0.002354s ]
INFO: [ app_begin ] --END-- [ RunTime:0.004659s ]
SQL: SHOW COLUMNS FROM `taobao_authorize` [ RunTime:0.0482s ]
SQL: SELECT `expire_time` FROM `taobao_authorize` WHERE `user_id` = '1' LIMIT 1   [ RunTime:0.0425s ]

[ 2016-09-02T16:20:15+08:00 ] 127.0.0.1 /Storage/TbApi/checkAcess.html
INFO: [ app_begin ] --START--
INFO: Run Behavior\ReadHtmlCacheBehavior [ RunTime:0.000865s ]
INFO: Run Behavior\CheckLangBehavior [ RunTime:0.001816s ]
INFO: [ app_begin ] --END-- [ RunTime:0.003463s ]
SQL: SHOW COLUMNS FROM `taobao_authorize` [ RunTime:0.0449s ]
SQL: SELECT `expire_time` FROM `taobao_authorize` WHERE `user_id` = '1' LIMIT 1   [ RunTime:0.0413s ]

[ 2016-09-02T16:20:15+08:00 ] 127.0.0.1 /Storage/TbApi/checkAcess.html
INFO: [ app_begin ] --START--
INFO: Run Behavior\ReadHtmlCacheBehavior [ RunTime:0.000877s ]
INFO: Run Behavior\CheckLangBehavior [ RunTime:0.001578s ]
INFO: [ app_begin ] --END-- [ RunTime:0.003179s ]
SQL: SHOW COLUMNS FROM `taobao_authorize` [ RunTime:0.0462s ]
SQL: SELECT `expire_time` FROM `taobao_authorize` WHERE `user_id` = '1' LIMIT 1   [ RunTime:0.0453s ]

[ 2016-09-02T16:20:15+08:00 ] 127.0.0.1 /Storage/TbApi/checkAcess.html
INFO: [ app_begin ] --START--
INFO: Run Behavior\ReadHtmlCacheBehavior [ RunTime:0.000790s ]
INFO: Run Behavior\CheckLangBehavior [ RunTime:0.002684s ]
INFO: [ app_begin ] --END-- [ RunTime:0.004155s ]
SQL: SHOW COLUMNS FROM `taobao_authorize` [ RunTime:0.0429s ]
SQL: SELECT `expire_time` FROM `taobao_authorize` WHERE `user_id` = '1' LIMIT 1   [ RunTime:0.0424s ]

[ 2016-09-02T16:20:15+08:00 ] 127.0.0.1 /Storage/TbApi/checkAcess.html
INFO: [ app_begin ] --START--
INFO: Run Behavior\ReadHtmlCacheBehavior [ RunTime:0.001004s ]
INFO: Run Behavior\CheckLangBehavior [ RunTime:0.003116s ]
INFO: [ app_begin ] --END-- [ RunTime:0.005061s ]
SQL: SHOW COLUMNS FROM `taobao_authorize` [ RunTime:0.0416s ]
SQL: SELECT `expire_time` FROM `taobao_authorize` WHERE `user_id` = '1' LIMIT 1   [ RunTime:0.0424s ]

[ 2016-09-02T16:20:16+08:00 ] 127.0.0.1 /Storage/TbApi/checkAcess.html
INFO: [ app_begin ] --START--
INFO: Run Behavior\ReadHtmlCacheBehavior [ RunTime:0.000859s ]
INFO: Run Behavior\CheckLangBehavior [ RunTime:0.001762s ]
INFO: [ app_begin ] --END-- [ RunTime:0.003332s ]
SQL: SHOW COLUMNS FROM `taobao_authorize` [ RunTime:0.0490s ]
SQL: SELECT `expire_time` FROM `taobao_authorize` WHERE `user_id` = '1' LIMIT 1   [ RunTime:0.0488s ]

[ 2016-09-02T16:20:16+08:00 ] 127.0.0.1 /Storage/TbApi/checkAcess.html
INFO: [ app_begin ] --START--
INFO: Run Behavior\ReadHtmlCacheBehavior [ RunTime:0.000892s ]
INFO: Run Behavior\CheckLangBehavior [ RunTime:0.001552s ]
INFO: [ app_begin ] --END-- [ RunTime:0.003389s ]
SQL: SHOW COLUMNS FROM `taobao_authorize` [ RunTime:0.0497s ]
SQL: SELECT `expire_time` FROM `taobao_authorize` WHERE `user_id` = '1' LIMIT 1   [ RunTime:0.0462s ]

[ 2016-09-02T16:20:17+08:00 ] 127.0.0.1 /Storage/TbApi/checkAcess.html
INFO: [ app_begin ] --START--
INFO: Run Behavior\ReadHtmlCacheBehavior [ RunTime:0.001124s ]
INFO: Run Behavior\CheckLangBehavior [ RunTime:0.001668s ]
INFO: [ app_begin ] --END-- [ RunTime:0.003938s ]
SQL: SHOW COLUMNS FROM `taobao_authorize` [ RunTime:0.0488s ]
SQL: SELECT `expire_time` FROM `taobao_authorize` WHERE `user_id` = '1' LIMIT 1   [ RunTime:0.0475s ]

[ 2016-09-02T16:20:17+08:00 ] 127.0.0.1 /Storage/TbApi/checkAcess.html
INFO: [ app_begin ] --START--
INFO: Run Behavior\ReadHtmlCacheBehavior [ RunTime:0.001009s ]
INFO: Run Behavior\CheckLangBehavior [ RunTime:0.002126s ]
INFO: [ app_begin ] --END-- [ RunTime:0.003993s ]
SQL: SHOW COLUMNS FROM `taobao_authorize` [ RunTime:0.0481s ]
SQL: SELECT `expire_time` FROM `taobao_authorize` WHERE `user_id` = '1' LIMIT 1   [ RunTime:0.0477s ]

[ 2016-09-02T16:20:17+08:00 ] 127.0.0.1 /Storage/TbApi/checkAcess.html
INFO: [ app_begin ] --START--
INFO: Run Behavior\ReadHtmlCacheBehavior [ RunTime:0.001750s ]
INFO: Run Behavior\CheckLangBehavior [ RunTime:0.001913s ]
INFO: [ app_begin ] --END-- [ RunTime:0.004529s ]
SQL: SHOW COLUMNS FROM `taobao_authorize` [ RunTime:0.0469s ]
SQL: SELECT `expire_time` FROM `taobao_authorize` WHERE `user_id` = '1' LIMIT 1   [ RunTime:0.0428s ]

[ 2016-09-02T16:20:18+08:00 ] 127.0.0.1 /Storage/TbApi/checkAcess.html
INFO: [ app_begin ] --START--
INFO: Run Behavior\ReadHtmlCacheBehavior [ RunTime:0.002238s ]
INFO: Run Behavior\CheckLangBehavior [ RunTime:0.003544s ]
INFO: [ app_begin ] --END-- [ RunTime:0.006992s ]
SQL: SHOW COLUMNS FROM `taobao_authorize` [ RunTime:0.0446s ]
SQL: SELECT `expire_time` FROM `taobao_authorize` WHERE `user_id` = '1' LIMIT 1   [ RunTime:0.0421s ]

[ 2016-09-02T16:20:18+08:00 ] 127.0.0.1 /Storage/TbApi/checkAcess.html
INFO: [ app_begin ] --START--
INFO: Run Behavior\ReadHtmlCacheBehavior [ RunTime:0.000779s ]
INFO: Run Behavior\CheckLangBehavior [ RunTime:0.002047s ]
INFO: [ app_begin ] --END-- [ RunTime:0.003475s ]
SQL: SHOW COLUMNS FROM `taobao_authorize` [ RunTime:0.0531s ]
SQL: SELECT `expire_time` FROM `taobao_authorize` WHERE `user_id` = '1' LIMIT 1   [ RunTime:0.0488s ]

[ 2016-09-02T16:20:18+08:00 ] 127.0.0.1 /Storage/TbApi/checkAcess.html
INFO: [ app_begin ] --START--
INFO: Run Behavior\ReadHtmlCacheBehavior [ RunTime:0.001211s ]
INFO: Run Behavior\CheckLangBehavior [ RunTime:0.001887s ]
INFO: [ app_begin ] --END-- [ RunTime:0.004182s ]
SQL: SHOW COLUMNS FROM `taobao_authorize` [ RunTime:0.0434s ]
SQL: SELECT `expire_time` FROM `taobao_authorize` WHERE `user_id` = '1' LIMIT 1   [ RunTime:0.0405s ]

[ 2016-09-02T16:20:19+08:00 ] 127.0.0.1 /Storage/TbApi/checkAcess.html
INFO: [ app_begin ] --START--
INFO: Run Behavior\ReadHtmlCacheBehavior [ RunTime:0.000974s ]
INFO: Run Behavior\CheckLangBehavior [ RunTime:0.002192s ]
INFO: [ app_begin ] --END-- [ RunTime:0.003959s ]
SQL: SHOW COLUMNS FROM `taobao_authorize` [ RunTime:0.0497s ]
SQL: SELECT `expire_time` FROM `taobao_authorize` WHERE `user_id` = '1' LIMIT 1   [ RunTime:0.0475s ]

[ 2016-09-02T16:20:19+08:00 ] 127.0.0.1 /Storage/TbApi/checkAcess.html
INFO: [ app_begin ] --START--
INFO: Run Behavior\ReadHtmlCacheBehavior [ RunTime:0.001115s ]
INFO: Run Behavior\CheckLangBehavior [ RunTime:0.001796s ]
INFO: [ app_begin ] --END-- [ RunTime:0.004011s ]
SQL: SHOW COLUMNS FROM `taobao_authorize` [ RunTime:0.0496s ]
SQL: SELECT `expire_time` FROM `taobao_authorize` WHERE `user_id` = '1' LIMIT 1   [ RunTime:0.0468s ]

[ 2016-09-02T16:20:19+08:00 ] 127.0.0.1 /Storage/TbApi/checkAcess.html
INFO: [ app_begin ] --START--
INFO: Run Behavior\ReadHtmlCacheBehavior [ RunTime:0.001196s ]
INFO: Run Behavior\CheckLangBehavior [ RunTime:0.001696s ]
INFO: [ app_begin ] --END-- [ RunTime:0.003712s ]
SQL: SHOW COLUMNS FROM `taobao_authorize` [ RunTime:0.0500s ]
SQL: SELECT `expire_time` FROM `taobao_authorize` WHERE `user_id` = '1' LIMIT 1   [ RunTime:0.0476s ]

[ 2016-09-02T16:20:20+08:00 ] 127.0.0.1 /Storage/TbApi/checkAcess.html
INFO: [ app_begin ] --START--
INFO: Run Behavior\ReadHtmlCacheBehavior [ RunTime:0.001464s ]
INFO: Run Behavior\CheckLangBehavior [ RunTime:0.002606s ]
INFO: [ app_begin ] --END-- [ RunTime:0.005012s ]
SQL: SHOW COLUMNS FROM `taobao_authorize` [ RunTime:0.0524s ]
SQL: SELECT `expire_time` FROM `taobao_authorize` WHERE `user_id` = '1' LIMIT 1   [ RunTime:0.0541s ]

[ 2016-09-02T16:20:59+08:00 ] 127.0.0.1 /Storage/TbApi/checkAcess.html
INFO: [ app_begin ] --START--
INFO: Run Behavior\ReadHtmlCacheBehavior [ RunTime:0.000824s ]
INFO: Run Behavior\CheckLangBehavior [ RunTime:0.001739s ]
INFO: [ app_begin ] --END-- [ RunTime:0.003159s ]
SQL: SHOW COLUMNS FROM `taobao_authorize` [ RunTime:0.0533s ]
SQL: SELECT `expire_time` FROM `taobao_authorize` WHERE `user_id` = '1' LIMIT 1   [ RunTime:0.0479s ]

[ 2016-09-02T16:21:06+08:00 ] 127.0.0.1 /Storage/TbApi/checkAcess.html
INFO: [ app_begin ] --START--
INFO: Run Behavior\ReadHtmlCacheBehavior [ RunTime:0.000949s ]
INFO: Run Behavior\CheckLangBehavior [ RunTime:0.001513s ]
INFO: [ app_begin ] --END-- [ RunTime:0.003034s ]
SQL: SHOW COLUMNS FROM `taobao_authorize` [ RunTime:0.0487s ]
SQL: SELECT `expire_time` FROM `taobao_authorize` WHERE `user_id` = '1' LIMIT 1   [ RunTime:0.0462s ]

[ 2016-09-02T16:21:25+08:00 ] 127.0.0.1 /Storage/TbApi/checkAcess.html
INFO: [ app_begin ] --START--
INFO: Run Behavior\ReadHtmlCacheBehavior [ RunTime:0.000982s ]
INFO: Run Behavior\CheckLangBehavior [ RunTime:0.001687s ]
INFO: [ app_begin ] --END-- [ RunTime:0.003517s ]
SQL: SHOW COLUMNS FROM `taobao_authorize` [ RunTime:0.0521s ]
SQL: SELECT `expire_time` FROM `taobao_authorize` WHERE `user_id` = '1' LIMIT 1   [ RunTime:0.0453s ]

[ 2016-09-02T16:24:20+08:00 ] 127.0.0.1 /Storage/TbApi/checkAcess.html
INFO: [ app_begin ] --START--
INFO: Run Behavior\ReadHtmlCacheBehavior [ RunTime:0.001322s ]
INFO: Run Behavior\CheckLangBehavior [ RunTime:0.002058s ]
INFO: [ app_begin ] --END-- [ RunTime:0.004323s ]
SQL: SHOW COLUMNS FROM `taobao_authorize` [ RunTime:0.0433s ]
SQL: SELECT `expire_time` FROM `taobao_authorize` WHERE `user_id` = '1' LIMIT 1   [ RunTime:0.0427s ]

[ 2016-09-02T16:25:29+08:00 ] 127.0.0.1 /Storage/TbApi/checkAcess.html
INFO: [ app_begin ] --START--
INFO: Run Behavior\ReadHtmlCacheBehavior [ RunTime:0.000823s ]
INFO: Run Behavior\CheckLangBehavior [ RunTime:0.001754s ]
INFO: [ app_begin ] --END-- [ RunTime:0.003218s ]
SQL: SHOW COLUMNS FROM `taobao_authorize` [ RunTime:0.0483s ]
SQL: SELECT `expire_time` FROM `taobao_authorize` WHERE `user_id` = '1' LIMIT 1   [ RunTime:0.0476s ]

[ 2016-09-02T16:25:37+08:00 ] 127.0.0.1 /Storage/TbApi/checkAcess.html
INFO: [ app_begin ] --START--
INFO: Run Behavior\ReadHtmlCacheBehavior [ RunTime:0.001450s ]
INFO: Run Behavior\CheckLangBehavior [ RunTime:0.003114s ]
INFO: [ app_begin ] --END-- [ RunTime:0.005310s ]
SQL: SHOW COLUMNS FROM `taobao_authorize` [ RunTime:0.0526s ]
SQL: SELECT `expire_time` FROM `taobao_authorize` WHERE `user_id` = '1' LIMIT 1   [ RunTime:0.0478s ]

[ 2016-09-02T16:27:20+08:00 ] 127.0.0.1 /Storage/TbApi/checkAcess.html
INFO: [ app_begin ] --START--
INFO: Run Behavior\ReadHtmlCacheBehavior [ RunTime:0.000811s ]
INFO: Run Behavior\CheckLangBehavior [ RunTime:0.001546s ]
INFO: [ app_begin ] --END-- [ RunTime:0.003037s ]
SQL: SHOW COLUMNS FROM `taobao_authorize` [ RunTime:0.0473s ]
SQL: SELECT `expire_time` FROM `taobao_authorize` WHERE `user_id` = '1' LIMIT 1   [ RunTime:0.0430s ]

[ 2016-09-02T16:40:05+08:00 ] 127.0.0.1 /Storage/TbApi/checkAcess.html
INFO: [ app_begin ] --START--
INFO: Run Behavior\ReadHtmlCacheBehavior [ RunTime:0.002032s ]
INFO: Run Behavior\CheckLangBehavior [ RunTime:0.002590s ]
INFO: [ app_begin ] --END-- [ RunTime:0.006248s ]
SQL: SHOW COLUMNS FROM `taobao_authorize` [ RunTime:0.0441s ]
SQL: SELECT `expire_time` FROM `taobao_authorize` WHERE `user_id` = '1' LIMIT 1   [ RunTime:0.0428s ]

[ 2016-09-02T16:57:53+08:00 ] 127.0.0.1 /Storage/Storage/assginship.html
INFO: [ app_begin ] --START--
INFO: Run Behavior\ReadHtmlCacheBehavior [ RunTime:0.001083s ]
INFO: Run Behavior\CheckLangBehavior [ RunTime:0.001500s ]
INFO: [ app_begin ] --END-- [ RunTime:0.003453s ]
SQL: SHOW COLUMNS FROM `system_shipping` [ RunTime:0.0437s ]
SQL: SELECT * FROM `system_shipping` ORDER BY sort asc  [ RunTime:0.0439s ]
SQL: SHOW COLUMNS FROM `hub_order` [ RunTime:0.0432s ]
SQL: SELECT `ship_stats` FROM `hub_order` WHERE ( order_id =89 ) LIMIT 1   [ RunTime:0.0429s ]
INFO: [ view_parse ] --START--
INFO: [ template_filter ] --START--
INFO: Run Behavior\ContentReplaceBehavior [ RunTime:0.000205s ]
INFO: [ template_filter ] --END-- [ RunTime:0.000478s ]
NOTIC: [8] Undefined variable: hub_id D:\wamp\www\www.cxf.com\DEV\source\admin\fx_supplier\Application\Runtime\Cache\Storage\c062f25da840eeda0638c2e9dc32fd70.php 第 30 行.
INFO: Run Behavior\ParseTemplateBehavior [ RunTime:0.018427s ]
INFO: [ view_parse ] --END-- [ RunTime:0.018627s ]
INFO: [ view_filter ] --START--
INFO: Run Behavior\WriteHtmlCacheBehavior [ RunTime:0.002316s ]
INFO: Run Behavior\TokenBuildBehavior [ RunTime:0.002135s ]
INFO: [ view_filter ] --END-- [ RunTime:0.004780s ]

[ 2016-09-02T16:58:06+08:00 ] 127.0.0.1 /Storage/TbApi/checkAcess.html
INFO: [ app_begin ] --START--
INFO: Run Behavior\ReadHtmlCacheBehavior [ RunTime:0.001024s ]
INFO: Run Behavior\CheckLangBehavior [ RunTime:0.001461s ]
INFO: [ app_begin ] --END-- [ RunTime:0.003246s ]
SQL: SHOW COLUMNS FROM `taobao_authorize` [ RunTime:0.0467s ]
SQL: SELECT `expire_time` FROM `taobao_authorize` WHERE `user_id` = '1' LIMIT 1   [ RunTime:0.0445s ]

[ 2016-09-02T16:58:06+08:00 ] 127.0.0.1 /Storage/Storage/getShipCode.html
INFO: [ app_begin ] --START--
INFO: Run Behavior\ReadHtmlCacheBehavior [ RunTime:0.001343s ]
INFO: Run Behavior\CheckLangBehavior [ RunTime:0.002209s ]
INFO: [ app_begin ] --END-- [ RunTime:0.004408s ]
SQL: SHOW COLUMNS FROM `system_shipping` [ RunTime:0.0507s ]
SQL: SELECT `shipping_code` FROM `system_shipping` WHERE (  id =3 ) LIMIT 1   [ RunTime:0.0496s ]
NOTIC: [2] Missing argument 1 for Storage\Controller\StorageController::getSendAddress(), called in D:\wamp\www\www.cxf.com\DEV\source\admin\fx_supplier\Application\Storage\Controller\StorageController.class.php on line 956 and defined D:\wamp\www\www.cxf.com\DEV\source\admin\fx_supplier\Application\Storage\Controller\StorageController.class.php 第 860 行.
NOTIC: [8] Undefined variable: mOrderId D:\wamp\www\www.cxf.com\DEV\source\admin\fx_supplier\Application\Storage\Controller\StorageController.class.php 第 861 行.

[ 2016-09-02T18:28:53+08:00 ] 127.0.0.1 /Storage/TbApi/checkAcess.html
INFO: [ app_begin ] --START--
INFO: Run Behavior\ReadHtmlCacheBehavior [ RunTime:0.000721s ]
INFO: Run Behavior\CheckLangBehavior [ RunTime:0.001730s ]
INFO: [ app_begin ] --END-- [ RunTime:0.003059s ]
SQL: SHOW COLUMNS FROM `taobao_authorize` [ RunTime:0.0492s ]
SQL: SELECT `expire_time` FROM `taobao_authorize` WHERE `user_id` = '1' LIMIT 1   [ RunTime:0.0493s ]

[ 2016-09-02T18:29:33+08:00 ] 127.0.0.1 /Storage/TbApi/checkAcess.html
INFO: [ app_begin ] --START--
INFO: Run Behavior\ReadHtmlCacheBehavior [ RunTime:0.000897s ]
INFO: Run Behavior\CheckLangBehavior [ RunTime:0.001661s ]
INFO: [ app_begin ] --END-- [ RunTime:0.003283s ]
SQL: SHOW COLUMNS FROM `taobao_authorize` [ RunTime:0.0507s ]
SQL: SELECT `expire_time` FROM `taobao_authorize` WHERE `user_id` = '1' LIMIT 1   [ RunTime:0.0491s ]

[ 2016-09-02T21:54:16+08:00 ] 127.0.0.1 /storage/storageManage/logEdit.html
ERR: 1054:Unknown column 'fx_supplier_user.user_account' in 'field list'
 [ SQL语句 ] : SELECT *,log_cus_list.id as log_id,log_cus_list.addtime as log_time,fx_supplier_user.user_account FROM `log_cus_list` INNER JOIN goods_list ON goods_list.goods_id = log_cus_list.goods_id INNER JOIN goods_sku_comb ON  goods_sku_comb.id = log_cus_list.sku_comb_id  WHERE `supplier_id` = '1' LIMIT 0,20  

[ 2016-09-02T22:18:56+08:00 ] 127.0.0.1 /Storage/storage/printDistribution.html
INFO: [ app_begin ] --START--
INFO: Run Behavior\ReadHtmlCacheBehavior [ RunTime:0.001059s ]
INFO: Run Behavior\CheckLangBehavior [ RunTime:0.002061s ]
INFO: [ app_begin ] --END-- [ RunTime:0.003926s ]
SQL: SHOW COLUMNS FROM `hub_order` [ RunTime:0.0529s ]
SQL: SELECT `ship_stats` FROM `hub_order` WHERE ( order_id =101 ) LIMIT 1   [ RunTime:0.0478s ]
SQL: SELECT * FROM `hub_order` INNER JOIN hub_order_goods ON hub_order_goods.order_id = hub_order.order_id  WHERE ( hub_order.order_id = 101 ) LIMIT 1   [ RunTime:0.0561s ]
SQL: SHOW COLUMNS FROM `order_contact` [ RunTime:0.0531s ]
SQL: SELECT * FROM `order_contact` WHERE `order_id` = 101 ORDER BY id desc LIMIT 1   [ RunTime:0.0479s ]
SQL: SHOW COLUMNS FROM `goods_sku_comb` [ RunTime:0.0553s ]
SQL: SELECT `sku_str_zh` FROM `goods_sku_comb` WHERE ( id =62 ) LIMIT 1   [ RunTime:0.0543s ]
SQL: SHOW COLUMNS FROM `goods_list` [ RunTime:0.0558s ]
SQL: SELECT `goods_no` FROM `goods_list` WHERE ( goods_id =3501 ) LIMIT 1   [ RunTime:0.0506s ]
SQL: SHOW COLUMNS FROM `order_list` [ RunTime:0.0513s ]
SQL: SELECT `is_cus` FROM `order_list` WHERE ( order_id=101 ) LIMIT 1   [ RunTime:0.0476s ]
SQL: SHOW COLUMNS FROM `hub_order_goods` [ RunTime:0.0480s ]
SQL: SELECT `sku_comb_id` FROM `hub_order_goods` WHERE ( order_id = 101 and goods_id=3501 ) LIMIT 1   [ RunTime:0.0539s ]
INFO: [ view_parse ] --START--
INFO: [ template_filter ] --START--
INFO: Run Behavior\ContentReplaceBehavior [ RunTime:0.000267s ]
INFO: [ template_filter ] --END-- [ RunTime:0.000556s ]
NOTIC: [8] Undefined index: original_price D:\wamp\www\www.cxf.com\DEV\source\admin\fx_supplier\Application\Runtime\Cache\Storage\f85cdfb7b675fd0978fae4a5ba79a8b6.php 第 26 行.
INFO: Run Behavior\ParseTemplateBehavior [ RunTime:0.076595s ]
INFO: [ view_parse ] --END-- [ RunTime:0.076902s ]
INFO: [ view_filter ] --START--
INFO: Run Behavior\WriteHtmlCacheBehavior [ RunTime:0.002288s ]
INFO: Run Behavior\TokenBuildBehavior [ RunTime:0.003180s ]
INFO: [ view_filter ] --END-- [ RunTime:0.005902s ]
INFO: [ app_end ] --START--
INFO: Run Behavior\ShowPageTraceBehavior [ RunTime:0.003200s ]
INFO: [ app_end ] --END-- [ RunTime:0.003488s ]

[ 2016-09-02T22:19:13+08:00 ] 127.0.0.1 /Storage/storage/printDistribution.html
INFO: [ app_begin ] --START--
INFO: Run Behavior\ReadHtmlCacheBehavior [ RunTime:0.000888s ]
INFO: Run Behavior\CheckLangBehavior [ RunTime:0.001556s ]
INFO: [ app_begin ] --END-- [ RunTime:0.003100s ]
SQL: SHOW COLUMNS FROM `hub_order` [ RunTime:0.0531s ]
SQL: SELECT `ship_stats` FROM `hub_order` WHERE ( order_id =107 ) LIMIT 1   [ RunTime:0.0482s ]
SQL: SELECT * FROM `hub_order` INNER JOIN hub_order_goods ON hub_order_goods.order_id = hub_order.order_id  WHERE ( hub_order.order_id = 107 ) LIMIT 1   [ RunTime:0.0511s ]
SQL: SHOW COLUMNS FROM `order_contact` [ RunTime:0.0482s ]
SQL: SELECT * FROM `order_contact` WHERE `order_id` = 107 ORDER BY id desc LIMIT 1   [ RunTime:0.0488s ]
SQL: SHOW COLUMNS FROM `goods_sku_comb` [ RunTime:0.0543s ]
SQL: SELECT `sku_str_zh` FROM `goods_sku_comb` WHERE ( id =26 ) LIMIT 1   [ RunTime:0.0503s ]
SQL: SHOW COLUMNS FROM `goods_list` [ RunTime:0.0495s ]
SQL: SELECT `goods_no` FROM `goods_list` WHERE ( goods_id =3495 ) LIMIT 1   [ RunTime:0.0472s ]
SQL: SHOW COLUMNS FROM `order_list` [ RunTime:0.0504s ]
SQL: SELECT `is_cus` FROM `order_list` WHERE ( order_id=107 ) LIMIT 1   [ RunTime:0.0479s ]
SQL: SHOW COLUMNS FROM `hub_order_goods` [ RunTime:0.0485s ]
SQL: SELECT `sku_comb_id` FROM `hub_order_goods` WHERE ( order_id = 107 and goods_id=3495 ) LIMIT 1   [ RunTime:0.0515s ]
INFO: [ view_parse ] --START--
INFO: [ template_filter ] --START--
INFO: Run Behavior\ContentReplaceBehavior [ RunTime:0.000120s ]
INFO: [ template_filter ] --END-- [ RunTime:0.000261s ]
NOTIC: [8] Undefined index: original_price D:\wamp\www\www.cxf.com\DEV\source\admin\fx_supplier\Application\Runtime\Cache\Storage\f85cdfb7b675fd0978fae4a5ba79a8b6.php 第 26 行.
INFO: Run Behavior\ParseTemplateBehavior [ RunTime:0.016000s ]
INFO: [ view_parse ] --END-- [ RunTime:0.016211s ]
INFO: [ view_filter ] --START--
INFO: Run Behavior\WriteHtmlCacheBehavior [ RunTime:0.001416s ]
INFO: Run Behavior\TokenBuildBehavior [ RunTime:0.001455s ]
INFO: [ view_filter ] --END-- [ RunTime:0.003097s ]
INFO: [ app_end ] --START--
INFO: Run Behavior\ShowPageTraceBehavior [ RunTime:0.001471s ]
INFO: [ app_end ] --END-- [ RunTime:0.001602s ]

[ 2016-09-02T22:21:07+08:00 ] 127.0.0.1 /Storage/storage/printDistribution.html
INFO: [ app_begin ] --START--
INFO: Run Behavior\ReadHtmlCacheBehavior [ RunTime:0.000836s ]
INFO: Run Behavior\CheckLangBehavior [ RunTime:0.001569s ]
INFO: [ app_begin ] --END-- [ RunTime:0.003172s ]
SQL: SHOW COLUMNS FROM `hub_order` [ RunTime:0.0533s ]
SQL: SELECT `ship_stats` FROM `hub_order` WHERE ( order_id =107 ) LIMIT 1   [ RunTime:0.0471s ]
SQL: SELECT * FROM `hub_order` INNER JOIN hub_order_goods ON hub_order_goods.order_id = hub_order.order_id  WHERE ( hub_order.order_id = 107 ) LIMIT 1   [ RunTime:0.0543s ]
SQL: SHOW COLUMNS FROM `order_contact` [ RunTime:0.0482s ]
SQL: SELECT * FROM `order_contact` WHERE `order_id` = 107 ORDER BY id desc LIMIT 1   [ RunTime:0.0479s ]
SQL: SHOW COLUMNS FROM `goods_sku_comb` [ RunTime:0.0527s ]
SQL: SELECT `sku_str_zh` FROM `goods_sku_comb` WHERE ( id =26 ) LIMIT 1   [ RunTime:0.0508s ]
SQL: SHOW COLUMNS FROM `goods_list` [ RunTime:0.0509s ]
SQL: SELECT `goods_no` FROM `goods_list` WHERE ( goods_id =3495 ) LIMIT 1   [ RunTime:0.0473s ]
SQL: SHOW COLUMNS FROM `order_list` [ RunTime:0.0493s ]
SQL: SELECT `is_cus` FROM `order_list` WHERE ( order_id=107 ) LIMIT 1   [ RunTime:0.0477s ]
SQL: SHOW COLUMNS FROM `hub_order_goods` [ RunTime:0.0481s ]
SQL: SELECT `sku_comb_id` FROM `hub_order_goods` WHERE ( order_id = 107 and goods_id=3495 ) LIMIT 1   [ RunTime:0.0483s ]
INFO: [ view_parse ] --START--
INFO: [ template_filter ] --START--
INFO: Run Behavior\ContentReplaceBehavior [ RunTime:0.000228s ]
INFO: [ template_filter ] --END-- [ RunTime:0.000496s ]
NOTIC: [8] Undefined index: original_price D:\wamp\www\www.cxf.com\DEV\source\admin\fx_supplier\Application\Runtime\Cache\Storage\f85cdfb7b675fd0978fae4a5ba79a8b6.php 第 26 行.
INFO: Run Behavior\ParseTemplateBehavior [ RunTime:0.032232s ]
INFO: [ view_parse ] --END-- [ RunTime:0.032473s ]
INFO: [ view_filter ] --START--
INFO: Run Behavior\WriteHtmlCacheBehavior [ RunTime:0.001204s ]
INFO: Run Behavior\TokenBuildBehavior [ RunTime:0.001361s ]
INFO: [ view_filter ] --END-- [ RunTime:0.002771s ]
INFO: [ app_end ] --START--
INFO: Run Behavior\ShowPageTraceBehavior [ RunTime:0.001341s ]
INFO: [ app_end ] --END-- [ RunTime:0.001467s ]

[ 2016-09-02T22:27:45+08:00 ] 127.0.0.1 /storage/storage/index.html
ERR: 1052:Column 'shipping_code' in field list is ambiguous
 [ SQL语句 ] : SELECT order_list.order_id,order_list.order_sn,order_goods.goods_name,hub_order.buyer_goods_no,hub_order.con_time,hub_order.id as hub_id,order_list.memo,`contact_name`,`contact_address`,order_goods.img_path,hub_order.ship_stats,`tel`,`province`,`city`,`dist`,order_goods.distribution_price,`cost_price`,`shipping_code`,`shipping_name`,order_goods.price,order_list.shipping_fee,`order_amount`,`is_cus`,goods_sku_comb.sku_str_zh as sku FROM `hub_order` INNER JOIN hub_order_goods ON hub_order_goods.order_id = hub_order.order_id INNER JOIN goods_list ON goods_list.goods_id = hub_order_goods.goods_id INNER JOIN order_list ON order_list.order_id = hub_order_goods.order_id INNER JOIN order_contact ON order_contact.order_id = hub_order.order_id INNER JOIN order_goods ON order_list.order_id = order_goods.order_id INNER JOIN order_goods_sku ON order_goods_sku.order_id = order_list.order_id and order_goods.goods_id=order_goods_sku.goods_id INNER JOIN goods_sku_comb ON goods_sku_comb.id = order_goods_sku.sku_comb_id  WHERE order_list.supplier_id = '1' ORDER BY hub_order.id desc LIMIT 0,20  

[ 2016-09-02T22:28:43+08:00 ] 127.0.0.1 /storage/storage/index.html
ERR: 1052:Column 'shipping_name' in field list is ambiguous
 [ SQL语句 ] : SELECT order_list.order_id,order_list.order_sn,order_goods.goods_name,hub_order.buyer_goods_no,hub_order.con_time,hub_order.id as hub_id,order_list.memo,`contact_name`,`contact_address`,order_goods.img_path,hub_order.ship_stats,`tel`,`province`,`city`,`dist`,order_goods.distribution_price,`cost_price`,order_list.shipping_code,`shipping_name`,order_goods.price,order_list.shipping_fee,`order_amount`,`is_cus`,goods_sku_comb.sku_str_zh as sku FROM `hub_order` INNER JOIN hub_order_goods ON hub_order_goods.order_id = hub_order.order_id INNER JOIN goods_list ON goods_list.goods_id = hub_order_goods.goods_id INNER JOIN order_list ON order_list.order_id = hub_order_goods.order_id INNER JOIN order_contact ON order_contact.order_id = hub_order.order_id INNER JOIN order_goods ON order_list.order_id = order_goods.order_id INNER JOIN order_goods_sku ON order_goods_sku.order_id = order_list.order_id and order_goods.goods_id=order_goods_sku.goods_id INNER JOIN goods_sku_comb ON goods_sku_comb.id = order_goods_sku.sku_comb_id  WHERE order_list.supplier_id = '1' ORDER BY hub_order.id desc LIMIT 0,20  

